2023-03-04T02:08:30.435Z - log: [Package] menu@1.0.0 enable
2023-03-04T02:08:30.438Z - log: [Package] profile@1.0.0 enable
2023-03-04T02:08:30.448Z - log: [Package] project@1.0.2 enable
2023-03-04T02:08:30.453Z - log: [Package] messages@1.0.0 enable
2023-03-04T02:08:30.457Z - log: [Package] program@1.0.0 enable
2023-03-04T02:08:30.464Z - log: [Package] tester@1.0.0 enable
2023-03-04T02:08:30.469Z - log: [Package] preferences@1.0.0 enable
2023-03-04T02:08:35.090Z - log: Load engine in /Applications/CocosCreator/Creator/3.6.2/CocosCreator.app/Contents/Resources/resources/3d/engine
2023-03-04T02:08:35.570Z - log: Profile changed: engine (modules.includeModules: 2d,animation,audio,base,dragon-bones,gfx-webgl,gfx-webgl2,intersection-2d,particle-2d,physics-2d-box2d,profiler,spine,tiled-map,tween,ui,video,webview)
2023-03-04T02:08:35.578Z - log: Register native engine in /Applications/CocosCreator/Creator/3.6.2/CocosCreator.app/Contents/Resources/resources/3d/engine/native
2023-03-04T02:08:35.580Z - log: [Package] engine@1.0.7 enable
2023-03-04T02:08:36.571Z - log: [Package] programming@1.0.0 enable
2023-03-04T02:08:36.645Z - warn: 
2023-03-04T02:08:36.691Z - warn: 
2023-03-04T02:08:36.867Z - log: [Package] device@1.0.1 enable
2023-03-04T02:08:36.894Z - log: [Package] ui-kit@1.0.1 enable
2023-03-04T02:08:36.917Z - log: [Package] engine-extends@1.0.0 enable
2023-03-04T02:08:36.990Z - log: [Package] asset-db@1.0.0 enable
2023-03-04T02:08:36.990Z - warn: 
2023-03-04T02:08:37.032Z - log: [Package] scene@1.0.0 enable
2023-03-04T02:08:37.246Z - log: [Package] server@1.0.0 enable
2023-03-04T02:08:37.279Z - log: [Package] utils@1.0.0 enable
2023-03-04T02:08:41.132Z - warn: 
2023-03-04T02:08:41.132Z - warn: 
2023-03-04T02:08:41.132Z - warn: 
2023-03-04T02:08:41.144Z - warn: 
2023-03-04T02:08:41.144Z - warn: 
2023-03-04T02:08:41.145Z - warn: 
2023-03-04T02:08:42.996Z - warn: 
2023-03-04T02:08:43.064Z - log: [Package] preview@1.0.1 enable
2023-03-04T02:08:43.097Z - log: [Package] animator@1.0.0 enable
2023-03-04T02:08:43.144Z - log: pluginManager init: 0.159ms
2023-03-04T02:08:44.374Z - log: [Package] builder@1.3.3 enable
2023-03-04T02:08:44.405Z - log: [Package] shortcuts@1.0.1 enable
2023-03-04T02:08:44.434Z - log: [Package] animation-graph@1.0.0 enable
2023-03-04T02:08:44.463Z - log: [Package] about@1.0.0 enable
2023-03-04T02:08:44.491Z - log: [Package] assets@1.0.0 enable
2023-03-04T02:08:44.518Z - log: [Package] console@1.0.0 enable
2023-03-04T02:08:44.747Z - log: [Package] extension@3.0.16 enable
2023-03-04T02:08:44.762Z - warn: 
2023-03-04T02:08:44.762Z - warn: 
2023-03-04T02:08:44.763Z - warn: 
2023-03-04T02:08:44.776Z - log: [Package] hierarchy@1.0.0 enable
2023-03-04T02:08:44.806Z - log: [Package] inspector@1.0.0 enable
2023-03-04T02:08:44.834Z - log: [Package] lightmap@1.0.4 enable
2023-03-04T02:08:45.317Z - log: [Package] localization-editor@1.0.0 enable
2023-03-04T02:08:45.330Z - log: [Build-plugin] register pkg localization-editor: 8.174ms
2023-03-04T02:08:45.355Z - log: [Package] node-library@1.0.1 enable
2023-03-04T02:08:45.379Z - log: [Package] package-asset@1.0.0 enable
2023-03-04T02:08:45.406Z - log: [Package] process@1.0.0 enable
2023-03-04T02:08:45.434Z - log: [Package] reference-image@1.0.0 enable
2023-03-04T02:08:45.460Z - log: [Package] alipay-mini-game@1.0.1 enable
2023-03-04T02:08:45.462Z - log: [Build-plugin] register pkg alipay-mini-game: 1.39ms
2023-03-04T02:08:45.484Z - log: [Package] android@1.0.1 enable
2023-03-04T02:08:45.491Z - log: [Build-plugin] register pkg android: 7.011ms
2023-03-04T02:08:45.566Z - log: [Package] baidu-mini-game@1.0.1 enable
2023-03-04T02:08:45.571Z - log: [Build-plugin] register pkg baidu-mini-game: 4.393ms
2023-03-04T02:08:45.600Z - log: [Package] bytedance-mini-game@1.0.2 enable
2023-03-04T02:08:45.603Z - log: [Build-plugin] register pkg bytedance-mini-game: 2.724ms
2023-03-04T02:08:45.627Z - log: [Package] certificate@1.0.0 enable
2023-03-04T02:08:45.650Z - log: [Package] channel-upload-tools@1.0.0 enable
2023-03-04T02:08:45.672Z - log: [Package] cocos-play@1.0.1 enable
2023-03-04T02:08:45.677Z - log: [Build-plugin] register pkg cocos-play: 4.987ms
2023-03-04T02:08:45.700Z - log: [Package] huawei-agc@1.0.0 enable
2023-03-04T02:08:45.704Z - log: [Build-plugin] register pkg huawei-agc: 4.034ms
2023-03-04T02:08:45.728Z - log: [Package] huawei-quick-game@1.0.1 enable
2023-03-04T02:08:45.733Z - log: [Build-plugin] register pkg huawei-quick-game: 4.235ms
2023-03-04T02:08:45.806Z - log: [Package] ios@1.0.0 enable
2023-03-04T02:08:45.812Z - log: [Build-plugin] register pkg ios: 5.398ms
2023-03-04T02:08:45.837Z - log: [Package] linux@1.0.0 enable
2023-03-04T02:08:45.839Z - log: [Build-plugin] register pkg linux: 1.2ms
2023-03-04T02:08:45.862Z - log: [Package] mac@1.0.0 enable
2023-03-04T02:08:45.868Z - log: [Build-plugin] register pkg mac: 5.609ms
2023-03-04T02:08:46.003Z - log: [Package] native@1.0.2 enable
2023-03-04T02:08:46.013Z - log: [Build-plugin] register pkg native: 9.388ms
2023-03-04T02:08:46.040Z - log: [Package] ohos@1.0.0 enable
2023-03-04T02:08:46.046Z - log: [Build-plugin] register pkg ohos: 4.369ms
2023-03-04T02:08:46.070Z - log: [Package] open-harmonyos@1.0.0 enable
2023-03-04T02:08:46.071Z - log: [Build-plugin] register pkg open-harmonyos: 1.14ms
2023-03-04T02:08:46.095Z - log: [Package] oppo-mini-game@1.0.1 enable
2023-03-04T02:08:46.100Z - log: [Build-plugin] register pkg oppo-mini-game: 4.503ms
2023-03-04T02:08:46.122Z - log: [Package] runtime-dev-tools@1.0.0 enable
2023-03-04T02:08:46.145Z - log: [Package] vivo-mini-game@1.0.1 enable
2023-03-04T02:08:46.150Z - log: [Build-plugin] register pkg vivo-mini-game: 4.815ms
2023-03-04T02:08:46.199Z - log: [Package] web-desktop@1.0.1 enable
2023-03-04T02:08:46.204Z - log: [Build-plugin] register pkg web-desktop: 3.766ms
2023-03-04T02:08:46.235Z - log: [Package] web-mobile@1.0.1 enable
2023-03-04T02:08:46.240Z - log: [Build-plugin] register pkg web-mobile: 3.646ms
2023-03-04T02:08:46.274Z - log: [Package] wechatgame@1.0.2 enable
2023-03-04T02:08:46.279Z - log: [Build-plugin] register pkg wechatgame: 4.315ms
2023-03-04T02:08:46.304Z - log: [Package] windows@1.0.1 enable
2023-03-04T02:08:46.308Z - log: [Build-plugin] register pkg windows: 3.581ms
2023-03-04T02:08:46.332Z - log: [Package] xiaomi-quick-game@1.0.1 enable
2023-03-04T02:08:46.336Z - log: [Build-plugin] register pkg xiaomi-quick-game: 4.541ms
2023-03-04T02:08:46.628Z - log: [Package] cocos-service@3.0.4 enable
2023-03-04T02:08:46.632Z - log: [Build-plugin] register pkg cocos-service: 2.244ms
2023-03-04T02:08:46.662Z - log: [Package] importer@1.1.0 enable
2023-03-04T02:08:46.972Z - log: [Im-plugin] Check im-plugin version.
2023-03-04T02:08:46.976Z - log: [Package] im-plugin@3.0.9 enable
2023-03-04T02:08:47.759Z - log: [Im-plugin] No online info of im-plugin.
2023-03-04T02:08:50.624Z - log: [Scene] Please specifiy a default value for "cc.EditorExtendable.__editorExtras__" property at its declaration:

 
// Before:
@property(...)
myProp;
// After:
@property(...)
myProp = 0;
2023-03-04T02:08:50.646Z - log: [Scene] Please specifiy a default value for "CCPropertyOverrideInfo.value" property at its declaration:

 
// Before:
@property(...)
myProp;
// After:
@property(...)
myProp = 0;
2023-03-04T02:08:50.646Z - log: [Scene] Please specifiy a default value for "cc.PrefabInfo.asset" property at its declaration:

 
// Before:
@property(...)
myProp;
// After:
@property(...)
myProp = 0;
2023-03-04T02:08:50.647Z - log: [Scene] Please specifiy a default value for "cc.PrefabInfo.nestedPrefabInstanceRoots" property at its declaration:

 
// Before:
@property(...)
myProp;
// After:
@property(...)
myProp = 0;
2023-03-04T02:08:50.650Z - log: [Scene] The 'default' attribute of 'ColorDesc.beginAccesses' must be an array
2023-03-04T02:08:50.650Z - log: [Scene] The 'default' attribute of 'ColorDesc.endAccesses' must be an array
2023-03-04T02:08:50.664Z - log: [Scene] Please specifiy a default value for "cc.animation.TrackBinding.proxy" property at its declaration:

 
// Before:
@property(...)
myProp;
// After:
@property(...)
myProp = 0;
2023-03-04T02:08:50.664Z - log: [Scene] Please specifiy a default value for "cc.animation.Channel._curve" property at its declaration:

 
// Before:
@property(...)
myProp;
// After:
@property(...)
myProp = 0;
2023-03-04T02:08:50.664Z - log: [Scene] Please specifiy a default value for "cc.animation.SingleChannelTrack._channel" property at its declaration:

 
// Before:
@property(...)
myProp;
// After:
@property(...)
myProp = 0;
2023-03-04T02:08:50.665Z - log: [Scene] Please specifiy a default value for "cc.animation.VectorTrack._channels" property at its declaration:

 
// Before:
@property(...)
myProp;
// After:
@property(...)
myProp = 0;
2023-03-04T02:08:50.665Z - log: [Scene] Please specifiy a default value for "cc.animation.ColorTrack._channels" property at its declaration:

 
// Before:
@property(...)
myProp;
// After:
@property(...)
myProp = 0;
2023-03-04T02:08:50.665Z - log: [Scene] Please specifiy a default value for "cc.animation.SizeTrack._channels" property at its declaration:

 
// Before:
@property(...)
myProp;
// After:
@property(...)
myProp = 0;
2023-03-04T02:08:50.666Z - log: [Scene] Please specifiy a default value for "cc.animation.Transition.from" property at its declaration:

 
// Before:
@property(...)
myProp;
// After:
@property(...)
myProp = 0;
2023-03-04T02:08:50.666Z - log: [Scene] Please specifiy a default value for "cc.animation.Transition.to" property at its declaration:

 
// Before:
@property(...)
myProp;
// After:
@property(...)
myProp = 0;
2023-03-04T02:08:50.666Z - log: [Scene] Please specifiy a default value for "cc.animation.StateMachine._entryState" property at its declaration:

 
// Before:
@property(...)
myProp;
// After:
@property(...)
myProp = 0;
2023-03-04T02:08:50.666Z - log: [Scene] Please specifiy a default value for "cc.animation.StateMachine._exitState" property at its declaration:

 
// Before:
@property(...)
myProp;
// After:
@property(...)
myProp = 0;
2023-03-04T02:08:50.667Z - log: [Scene] Please specifiy a default value for "cc.animation.StateMachine._anyState" property at its declaration:

 
// Before:
@property(...)
myProp;
// After:
@property(...)
myProp = 0;
2023-03-04T02:08:50.667Z - log: [Scene] Please specifiy a default value for "cc.animation.Layer._stateMachine" property at its declaration:

 
// Before:
@property(...)
myProp;
// After:
@property(...)
myProp = 0;
2023-03-04T02:08:50.668Z - log: [Scene] Please specifiy a default value for "cc.animation.ExoticVectorLikeTrackValues._values" property at its declaration:

 
// Before:
@property(...)
myProp;
// After:
@property(...)
myProp = 0;
2023-03-04T02:08:50.668Z - log: [Scene] Please specifiy a default value for "cc.animation.ExoticVectorLikeTrackValues._isQuantized" property at its declaration:

 
// Before:
@property(...)
myProp;
// After:
@property(...)
myProp = 0;
2023-03-04T02:08:50.668Z - log: [Scene] Please specifiy a default value for "cc.animation.ExoticTrack.times" property at its declaration:

 
// Before:
@property(...)
myProp;
// After:
@property(...)
myProp = 0;
2023-03-04T02:08:50.668Z - log: [Scene] Please specifiy a default value for "cc.animation.ExoticTrack.values" property at its declaration:

 
// Before:
@property(...)
myProp;
// After:
@property(...)
myProp = 0;
2023-03-04T02:08:50.668Z - log: [Scene] Please specifiy a default value for "cc.animation.QuantizedFloatArray.originalPrecision" property at its declaration:

 
// Before:
@property(...)
myProp;
// After:
@property(...)
myProp = 0;
2023-03-04T02:08:50.668Z - log: [Scene] Please specifiy a default value for "cc.animation.QuantizedFloatArray.min" property at its declaration:

 
// Before:
@property(...)
myProp;
// After:
@property(...)
myProp = 0;
2023-03-04T02:08:50.668Z - log: [Scene] Please specifiy a default value for "cc.animation.QuantizedFloatArray.extent" property at its declaration:

 
// Before:
@property(...)
myProp;
// After:
@property(...)
myProp = 0;
2023-03-04T02:08:50.668Z - log: [Scene] Please specifiy a default value for "cc.animation.QuantizedFloatArray.values" property at its declaration:

 
// Before:
@property(...)
myProp;
// After:
@property(...)
myProp = 0;
2023-03-04T02:08:50.702Z - log: [Scene] 'cc.ParticleSystem2D.color' hides inherited property 'cc.UIRenderer.color'. To make the current property override that implementation, add the `override: true` attribute please.
2023-03-04T02:08:50.739Z - log: [Scene] No needs to indicate the 'cc.Boolean' attribute for "cc.Terrain._receiveShadow", which its default value is type of Boolean.
2023-03-04T02:08:50.740Z - log: [Scene] No needs to indicate the 'cc.Boolean' attribute for "cc.Terrain._useNormalmap", which its default value is type of Boolean.
2023-03-04T02:08:50.740Z - log: [Scene] No needs to indicate the 'cc.Boolean' attribute for "cc.Terrain._usePBR", which its default value is type of Boolean.
2023-03-04T02:08:50.740Z - log: [Scene] No needs to indicate the 'cc.Boolean' attribute for "cc.Terrain._lodEnable", which its default value is type of Boolean.
2023-03-04T02:08:50.828Z - info: [Scene] [Physics][Bullet]: Using asmjs Bullet libs.
2023-03-04T02:08:50.840Z - info: [Scene] [PHYSICS]: using builtin.
2023-03-04T02:08:51.007Z - log: [Scene] Cocos Creator v3.6.2
2023-03-04T02:08:51.007Z - info: [Scene] Forward render pipeline initialized.
2023-03-04T02:08:51.184Z - warn: [Scene] The type of "OptionScrollview.viewType" must be CCFloat or CCInteger, not Number.Error: [Scene] The type of "OptionScrollview.viewType" must be CCFloat or CCInteger, not Number.
    at warn (/Applications/CocosCreator/Creator/3.6.2/CocosCreator.app/Contents/Resources/resources/3d/engine/bin/.cache/dev/editor/bundled/index.js:139774:12)
    at warnID (/Applications/CocosCreator/Creator/3.6.2/CocosCreator.app/Contents/Resources/resources/3d/engine/bin/.cache/dev/editor/bundled/index.js:139988:5)
    at parseType (/Applications/CocosCreator/Creator/3.6.2/CocosCreator.app/Contents/Resources/resources/3d/engine/bin/.cache/dev/editor/bundled/index.js:227074:11)
    at preprocessAttrs (/Applications/CocosCreator/Creator/3.6.2/CocosCreator.app/Contents/Resources/resources/3d/engine/bin/.cache/dev/editor/bundled/index.js:227202:11)
    at declareProperties (/Applications/CocosCreator/Creator/3.6.2/CocosCreator.app/Contents/Resources/resources/3d/engine/bin/.cache/dev/editor/bundled/index.js:117266:7)
    at CCClass (/Applications/CocosCreator/Creator/3.6.2/CocosCreator.app/Contents/Resources/resources/3d/engine/bin/.cache/dev/editor/bundled/index.js:117303:5)
    at eval (/Applications/CocosCreator/Creator/3.6.2/CocosCreator.app/Contents/Resources/resources/3d/engine/bin/.cache/dev/editor/bundled/index.js:224915:21)
2023-03-04T02:12:40.710Z - error: [Scene]  no atlas found!Error: [Scene]  no atlas found!
    at SkeletonData._getAtlas (/Applications/CocosCreator/Creator/3.6.2/CocosCreator.app/Contents/Resources/resources/3d/engine/bin/.cache/dev/editor/bundled/index.js:31018:23)
    at SkeletonData.getRuntimeData (/Applications/CocosCreator/Creator/3.6.2/CocosCreator.app/Contents/Resources/resources/3d/engine/bin/.cache/dev/editor/bundled/index.js:30906:30)
    at Skeleton._updateSkeletonData (/Applications/CocosCreator/Creator/3.6.2/CocosCreator.app/Contents/Resources/resources/3d/engine/bin/.cache/dev/editor/bundled/index.js:32989:42)
    at Skeleton.__preload (/Applications/CocosCreator/Creator/3.6.2/CocosCreator.app/Contents/Resources/resources/3d/engine/bin/.cache/dev/editor/bundled/index.js:31991:16)
    at eval (/Applications/CocosCreator/Creator/3.6.2/CocosCreator.app/Contents/Resources/resources/3d/engine/bin/.cache/dev/editor/bundled/index.js:154810:29)
    at UnsortedInvoker.eval [as _invoke] (/Applications/CocosCreator/Creator/3.6.2/CocosCreator.app/Contents/Resources/resources/3d/engine/bin/.cache/dev/editor/bundled/index.js:153657:9)
    at UnsortedInvoker.invoke (/Applications/CocosCreator/Creator/3.6.2/CocosCreator.app/Contents/Resources/resources/3d/engine/bin/.cache/dev/editor/bundled/index.js:154798:16)
2023-03-04T02:12:40.710Z - error: [Scene]  no atlas found!Error: [Scene]  no atlas found!
    at SkeletonData._getAtlas (/Applications/CocosCreator/Creator/3.6.2/CocosCreator.app/Contents/Resources/resources/3d/engine/bin/.cache/dev/editor/bundled/index.js:31018:23)
    at SkeletonData.getRuntimeData (/Applications/CocosCreator/Creator/3.6.2/CocosCreator.app/Contents/Resources/resources/3d/engine/bin/.cache/dev/editor/bundled/index.js:30906:30)
    at Skeleton._updateSkeletonData (/Applications/CocosCreator/Creator/3.6.2/CocosCreator.app/Contents/Resources/resources/3d/engine/bin/.cache/dev/editor/bundled/index.js:32989:42)
    at Skeleton.__preload (/Applications/CocosCreator/Creator/3.6.2/CocosCreator.app/Contents/Resources/resources/3d/engine/bin/.cache/dev/editor/bundled/index.js:31991:16)
    at eval (/Applications/CocosCreator/Creator/3.6.2/CocosCreator.app/Contents/Resources/resources/3d/engine/bin/.cache/dev/editor/bundled/index.js:154810:29)
    at UnsortedInvoker.eval [as _invoke] (/Applications/CocosCreator/Creator/3.6.2/CocosCreator.app/Contents/Resources/resources/3d/engine/bin/.cache/dev/editor/bundled/index.js:153657:9)
    at UnsortedInvoker.invoke (/Applications/CocosCreator/Creator/3.6.2/CocosCreator.app/Contents/Resources/resources/3d/engine/bin/.cache/dev/editor/bundled/index.js:154798:16)
2023-03-04T02:12:57.658Z - error: [Scene]  no atlas found!Error: [Scene]  no atlas found!
    at SkeletonData._getAtlas (/Applications/CocosCreator/Creator/3.6.2/CocosCreator.app/Contents/Resources/resources/3d/engine/bin/.cache/dev/editor/bundled/index.js:31018:23)
    at SkeletonData.getRuntimeData (/Applications/CocosCreator/Creator/3.6.2/CocosCreator.app/Contents/Resources/resources/3d/engine/bin/.cache/dev/editor/bundled/index.js:30906:30)
    at Skeleton._updateSkeletonData (/Applications/CocosCreator/Creator/3.6.2/CocosCreator.app/Contents/Resources/resources/3d/engine/bin/.cache/dev/editor/bundled/index.js:32989:42)
    at Skeleton.__preload (/Applications/CocosCreator/Creator/3.6.2/CocosCreator.app/Contents/Resources/resources/3d/engine/bin/.cache/dev/editor/bundled/index.js:31991:16)
    at eval (/Applications/CocosCreator/Creator/3.6.2/CocosCreator.app/Contents/Resources/resources/3d/engine/bin/.cache/dev/editor/bundled/index.js:154810:29)
    at UnsortedInvoker.eval [as _invoke] (/Applications/CocosCreator/Creator/3.6.2/CocosCreator.app/Contents/Resources/resources/3d/engine/bin/.cache/dev/editor/bundled/index.js:153657:9)
    at UnsortedInvoker.invoke (/Applications/CocosCreator/Creator/3.6.2/CocosCreator.app/Contents/Resources/resources/3d/engine/bin/.cache/dev/editor/bundled/index.js:154798:16)
2023-03-04T02:12:57.658Z - error: [Scene]  no atlas found!Error: [Scene]  no atlas found!
    at SkeletonData._getAtlas (/Applications/CocosCreator/Creator/3.6.2/CocosCreator.app/Contents/Resources/resources/3d/engine/bin/.cache/dev/editor/bundled/index.js:31018:23)
    at SkeletonData.getRuntimeData (/Applications/CocosCreator/Creator/3.6.2/CocosCreator.app/Contents/Resources/resources/3d/engine/bin/.cache/dev/editor/bundled/index.js:30906:30)
    at Skeleton._updateSkeletonData (/Applications/CocosCreator/Creator/3.6.2/CocosCreator.app/Contents/Resources/resources/3d/engine/bin/.cache/dev/editor/bundled/index.js:32989:42)
    at Skeleton.__preload (/Applications/CocosCreator/Creator/3.6.2/CocosCreator.app/Contents/Resources/resources/3d/engine/bin/.cache/dev/editor/bundled/index.js:31991:16)
    at eval (/Applications/CocosCreator/Creator/3.6.2/CocosCreator.app/Contents/Resources/resources/3d/engine/bin/.cache/dev/editor/bundled/index.js:154810:29)
    at UnsortedInvoker.eval [as _invoke] (/Applications/CocosCreator/Creator/3.6.2/CocosCreator.app/Contents/Resources/resources/3d/engine/bin/.cache/dev/editor/bundled/index.js:153657:9)
    at UnsortedInvoker.invoke (/Applications/CocosCreator/Creator/3.6.2/CocosCreator.app/Contents/Resources/resources/3d/engine/bin/.cache/dev/editor/bundled/index.js:154798:16)
2023-03-04T02:13:30.496Z - log: [Window] Deprecated as of 10.7.0. highlight(lang, code, ...args) has been deprecated.
2023-03-04T02:13:30.496Z - log: [Window] Deprecated as of 10.7.0. Please use highlight(code, options) instead.
https://github.com/highlightjs/highlight.js/issues/2277
2023-03-04T02:18:34.367Z - warn: [Scene] The type of "OptionScrollview.viewType" must be CCFloat or CCInteger, not Number.Error: [Scene] The type of "OptionScrollview.viewType" must be CCFloat or CCInteger, not Number.
    at warn (/Applications/CocosCreator/Creator/3.6.2/CocosCreator.app/Contents/Resources/resources/3d/engine/bin/.cache/dev/editor/bundled/index.js:139774:12)
    at warnID (/Applications/CocosCreator/Creator/3.6.2/CocosCreator.app/Contents/Resources/resources/3d/engine/bin/.cache/dev/editor/bundled/index.js:139988:5)
    at parseType (/Applications/CocosCreator/Creator/3.6.2/CocosCreator.app/Contents/Resources/resources/3d/engine/bin/.cache/dev/editor/bundled/index.js:227074:11)
    at preprocessAttrs (/Applications/CocosCreator/Creator/3.6.2/CocosCreator.app/Contents/Resources/resources/3d/engine/bin/.cache/dev/editor/bundled/index.js:227202:11)
    at declareProperties (/Applications/CocosCreator/Creator/3.6.2/CocosCreator.app/Contents/Resources/resources/3d/engine/bin/.cache/dev/editor/bundled/index.js:117266:7)
    at CCClass (/Applications/CocosCreator/Creator/3.6.2/CocosCreator.app/Contents/Resources/resources/3d/engine/bin/.cache/dev/editor/bundled/index.js:117303:5)
    at eval (/Applications/CocosCreator/Creator/3.6.2/CocosCreator.app/Contents/Resources/resources/3d/engine/bin/.cache/dev/editor/bundled/index.js:224915:21)
2023-03-04T02:19:22.753Z - warn: 为更好地打开脚本，请在 偏好设置 -> 外部程序 -> 默认脚本编辑器 里配置打开脚本的应用程序
2023-03-04T02:26:14.418Z - warn: [Scene] The type of "OptionScrollview.viewType" must be CCFloat or CCInteger, not Number.Error: [Scene] The type of "OptionScrollview.viewType" must be CCFloat or CCInteger, not Number.
    at warn (/Applications/CocosCreator/Creator/3.6.2/CocosCreator.app/Contents/Resources/resources/3d/engine/bin/.cache/dev/editor/bundled/index.js:139774:12)
    at warnID (/Applications/CocosCreator/Creator/3.6.2/CocosCreator.app/Contents/Resources/resources/3d/engine/bin/.cache/dev/editor/bundled/index.js:139988:5)
    at parseType (/Applications/CocosCreator/Creator/3.6.2/CocosCreator.app/Contents/Resources/resources/3d/engine/bin/.cache/dev/editor/bundled/index.js:227074:11)
    at preprocessAttrs (/Applications/CocosCreator/Creator/3.6.2/CocosCreator.app/Contents/Resources/resources/3d/engine/bin/.cache/dev/editor/bundled/index.js:227202:11)
    at declareProperties (/Applications/CocosCreator/Creator/3.6.2/CocosCreator.app/Contents/Resources/resources/3d/engine/bin/.cache/dev/editor/bundled/index.js:117266:7)
    at CCClass (/Applications/CocosCreator/Creator/3.6.2/CocosCreator.app/Contents/Resources/resources/3d/engine/bin/.cache/dev/editor/bundled/index.js:117303:5)
    at eval (/Applications/CocosCreator/Creator/3.6.2/CocosCreator.app/Contents/Resources/resources/3d/engine/bin/.cache/dev/editor/bundled/index.js:224915:21)
2023-03-04T02:28:34.639Z - warn: [Scene] The type of "OptionScrollview.viewType" must be CCFloat or CCInteger, not Number.Error: [Scene] The type of "OptionScrollview.viewType" must be CCFloat or CCInteger, not Number.
    at warn (/Applications/CocosCreator/Creator/3.6.2/CocosCreator.app/Contents/Resources/resources/3d/engine/bin/.cache/dev/editor/bundled/index.js:139774:12)
    at warnID (/Applications/CocosCreator/Creator/3.6.2/CocosCreator.app/Contents/Resources/resources/3d/engine/bin/.cache/dev/editor/bundled/index.js:139988:5)
    at parseType (/Applications/CocosCreator/Creator/3.6.2/CocosCreator.app/Contents/Resources/resources/3d/engine/bin/.cache/dev/editor/bundled/index.js:227074:11)
    at preprocessAttrs (/Applications/CocosCreator/Creator/3.6.2/CocosCreator.app/Contents/Resources/resources/3d/engine/bin/.cache/dev/editor/bundled/index.js:227202:11)
    at declareProperties (/Applications/CocosCreator/Creator/3.6.2/CocosCreator.app/Contents/Resources/resources/3d/engine/bin/.cache/dev/editor/bundled/index.js:117266:7)
    at CCClass (/Applications/CocosCreator/Creator/3.6.2/CocosCreator.app/Contents/Resources/resources/3d/engine/bin/.cache/dev/editor/bundled/index.js:117303:5)
    at eval (/Applications/CocosCreator/Creator/3.6.2/CocosCreator.app/Contents/Resources/resources/3d/engine/bin/.cache/dev/editor/bundled/index.js:224915:21)
2023-03-04T02:29:17.414Z - error: [Preview]Unexpected token 'e', "
test_guai_0"... is not valid JSONerrorInfo.stack ? '/n SyntaxError: Unexpected token 'e', "
test_guai_0"... is not valid JSON
    at JSON.parse (<anonymous>)
    at SkeletonData.set (http://localhost:7456/scripting/engine/bin/.cache/dev/preview/bundled/index.js:24583:41)
    at FileOper.addSkeletonData (http://localhost:7456/scripting/x/chunks/44/445ac3cf3339dd63ee52fa131d2c4ddc5f1e4370.js:116:32)
    at FileOper.checkComplect (http://localhost:7456/scripting/x/chunks/44/445ac3cf3339dd63ee52fa131d2c4ddc5f1e4370.js:106:18)
    at http://localhost:7456/scripting/x/chunks/44/445ac3cf3339dd63ee52fa131d2c4ddc5f1e4370.js:220:18
    at http://localhost:7456/scripting/x/chunks/d0/d090c88174519c72023b3a01af48464968b344ac.js:150:29
    at reader.onload (http://localhost:7456/scripting/x/chunks/93/93e0f0b8f60b6e9a5ff6081494b842729181f355.js:60:20)' : ''
2023-03-04T02:32:01.985Z - warn: [Scene] The type of "OptionScrollview.viewType" must be CCFloat or CCInteger, not Number.Error: [Scene] The type of "OptionScrollview.viewType" must be CCFloat or CCInteger, not Number.
    at warn (/Applications/CocosCreator/Creator/3.6.2/CocosCreator.app/Contents/Resources/resources/3d/engine/bin/.cache/dev/editor/bundled/index.js:139774:12)
    at warnID (/Applications/CocosCreator/Creator/3.6.2/CocosCreator.app/Contents/Resources/resources/3d/engine/bin/.cache/dev/editor/bundled/index.js:139988:5)
    at parseType (/Applications/CocosCreator/Creator/3.6.2/CocosCreator.app/Contents/Resources/resources/3d/engine/bin/.cache/dev/editor/bundled/index.js:227074:11)
    at preprocessAttrs (/Applications/CocosCreator/Creator/3.6.2/CocosCreator.app/Contents/Resources/resources/3d/engine/bin/.cache/dev/editor/bundled/index.js:227202:11)
    at declareProperties (/Applications/CocosCreator/Creator/3.6.2/CocosCreator.app/Contents/Resources/resources/3d/engine/bin/.cache/dev/editor/bundled/index.js:117266:7)
    at CCClass (/Applications/CocosCreator/Creator/3.6.2/CocosCreator.app/Contents/Resources/resources/3d/engine/bin/.cache/dev/editor/bundled/index.js:117303:5)
    at eval (/Applications/CocosCreator/Creator/3.6.2/CocosCreator.app/Contents/Resources/resources/3d/engine/bin/.cache/dev/editor/bundled/index.js:224915:21)
2023-03-04T02:32:05.567Z - warn: Metrics: no valid info
