2023-3-3 11:05:00-debug: =================================== Build Task (web-mobile) Start ================================
2023-3-3 11:05:00-debug: // ---- build task cocos-service：onBeforeBuild ----
2023-3-3 11:05:00-debug: Process: heapTotal 258.03MB heapUsed 222.62MB rss 324.69MB
2023-3-3 11:05:00-debug: cocos-service:(onBeforeBuild) start...0%
2023-3-3 11:05:00-debug: Start build task, options:{"name":"spine","platform":"web-mobile","buildPath":"project://build","debug":false,"md5Cache":false,"skipCompressTexture":false,"sourceMaps":false,"polyfills":{"asyncFunctions":true},"experimentalEraseModules":false,"useBuiltinServer":false,"mainBundleIsRemote":false,"mainBundleCompressionType":"merge_dep","replaceSplashScreen":true,"startScene":"98239f45-2855-4a77-9180-9a1bf3d2ccc7","outputName":"web-mobile","scenes":[{"url":"db://assets/res/scene/machine.scene","uuid":"98239f45-2855-4a77-9180-9a1bf3d2ccc7","inBundle":false},{"url":"db://assets/res/scene/test.scene","uuid":"f491dc33-cbda-49b7-bea1-6cf786813c30","inBundle":false}],"web-mobile":[],"packages":{"web-mobile":{"orientation":"auto","embedWebDebugger":false,"__version__":"1.0.1"},"cocos-service":{"configID":"d06116","services":[],"__version__":"3.0.4"}},"__version__":"1.3.3"}
2023-3-3 11:05:00-debug: Build with Cocos Creator 3.6.2
2023-3-3 11:05:00-debug: // ---- build task cocos-service：onBeforeBuild ---- (8ms)
2023-3-3 11:05:00-debug: cocos-service:(onBeforeBuild) in 8 ms2%
2023-3-3 11:05:00-debug: Query all assets info in project
2023-3-3 11:05:00-debug: init custom config: keepNodeUuid: false, useCache: true
2023-3-3 11:05:00-debug: BuildAssetLibrary query-assets with assets 333
2023-3-3 11:05:00-debug:   Number of other assets: 396
2023-3-3 11:05:00-debug: web-mobile:(onAfterInit) start...2%
2023-3-3 11:05:00-debug: // ---- build task web-mobile：onAfterInit ----
2023-3-3 11:05:00-debug: Process: heapTotal 258.30MB heapUsed 224.02MB rss 324.69MB
2023-3-3 11:05:00-debug:   Number of all scenes: 2
2023-3-3 11:05:00-debug: BuildAssetLibrary initialized with asset 428!
2023-3-3 11:05:00-debug:   Number of all scripts: 14
2023-3-3 11:05:00-debug: // ---- build task web-mobile：onAfterInit ---- (1ms)
2023-3-3 11:05:00-debug: web-mobile:(onAfterInit) in 1 ms3%
2023-3-3 11:05:00-debug: cocos-service:(onAfterInit) start...3%
2023-3-3 11:05:00-debug: // ---- build task cocos-service：onAfterInit ----
2023-3-3 11:05:00-debug: Process: heapTotal 258.30MB heapUsed 224.05MB rss 324.69MB
2023-3-3 11:05:00-debug: // ---- build task cocos-service：onAfterInit ---- (8ms)
2023-3-3 11:05:00-debug: // ---- build task localization-editor：onAfterInit ----
2023-3-3 11:05:00-debug: localization-editor:(onAfterInit) start...4%
2023-3-3 11:05:00-debug: Process: heapTotal 258.30MB heapUsed 224.10MB rss 324.69MB
2023-3-3 11:05:00-debug: cocos-service:(onAfterInit) in 8 ms4%
2023-3-3 11:05:00-debug: // ---- build task localization-editor：onAfterInit ---- (4ms)
2023-3-3 11:05:00-debug: // ---- build task 加载刷新项目脚本 ----
2023-3-3 11:05:00-debug: reload all scripts.
2023-3-3 11:05:00-debug: 加载刷新项目脚本 start4%
2023-3-3 11:05:00-debug: Process: heapTotal 258.30MB heapUsed 224.13MB rss 324.69MB
2023-3-3 11:05:00-debug: localization-editor:(onAfterInit) in 4 ms4%
2023-3-3 11:05:00-debug: Incremental keys: 
2023-3-3 11:05:00-debug: Set detail map pack:///resolution-detail-map.json: {}
2023-3-3 11:05:00-debug: Unregister Machine
2023-3-3 11:05:00-debug: Unregister FileOper
2023-3-3 11:05:00-debug: Unregister Drag
2023-3-3 11:05:00-debug: Unregister OptionScrollview
2023-3-3 11:05:00-debug: Unregister Menu
2023-3-3 11:05:00-debug: Invalidating 'pack:///chunks/d0/d0b282b9748ef7fc7d2e7bd647d71b0f7e84da53.js'
2023-3-3 11:05:00-debug: Invalidating 'pack:///chunks/e6/e6cc321b8d3b4f784ce6fe69cf7164ff2f6a25b5.js'
2023-3-3 11:05:00-debug: Invalidating 'pack:///chunks/84/84741ad843cea9a440c5d8c2d379669b6551400d.js'
2023-3-3 11:05:00-debug: Invalidating 'pack:///chunks/e8/e82831b8c5ec8ddc1ea5003a29d52f406343e882.js'
2023-3-3 11:05:00-debug: Invalidating 'pack:///chunks/96/967850d67e025b668f1546a9976b3ed2c0f9be99.js'
2023-3-3 11:05:00-debug: Invalidating 'pack:///chunks/fe/febfd5f299034c4997a6a6df2990d51a3420568a.js'
2023-3-3 11:05:00-debug: Invalidating 'pack:///chunks/c4/c440cbeff5569e2edc70630057b7f0f03ae5ce26.js'
2023-3-3 11:05:00-debug: Invalidating 'pack:///chunks/bc/bc68fa29314cb43602dbdab1e550e54e2383a9f0.js'
2023-3-3 11:05:00-debug: Invalidating 'pack:///chunks/f9/f9b7717d2cc6ddd3825fe57767e5479c0795487c.js'
2023-3-3 11:05:00-debug: Invalidating 'pack:///chunks/2f/2fbc1255c286db8b161de29cdfa6990ee240b6d3.js'
2023-3-3 11:05:00-debug: Invalidating 'pack:///chunks/48/48f3c34336031de075c36988f354b1b83718cb98.js'
2023-3-3 11:05:00-debug: Invalidating 'pack:///chunks/fe/febced5e9a88b2b661fb6cf4cb2d69cb21b15123.js'
2023-3-3 11:05:00-debug: Invalidating 'pack:///chunks/71/714013323d7711a8b344f96dd05598168c1ddbc3.js'
2023-3-3 11:05:00-debug: Invalidating 'pack:///chunks/4c/4c33b2537e0c37ae9f688aadffb8414742f0ed5b.js'
2023-3-3 11:05:00-debug: Invalidating 'pack:///chunks/c0/c00713dc02a1b148e3c3f7c1d4720ad0aa7c62ef.js'
2023-3-3 11:05:00-debug: Invalidating 'pack:///chunks/f5/f569f4d7775d4f8952133fd22a5ce1df20c05e84.js'
2023-3-3 11:05:00-debug: [[Executor]] Module "pack:///chunks/d0/d0b282b9748ef7fc7d2e7bd647d71b0f7e84da53.js" loaded.
2023-3-3 11:05:00-debug: [[Executor]] Module "pack:///chunks/d2/d2a469b18dd3806af6b4b4f47a791d61efe03601.js" loaded.
2023-3-3 11:05:00-debug: [[Executor]] Module "pack:///chunks/84/84741ad843cea9a440c5d8c2d379669b6551400d.js" loaded.
2023-3-3 11:05:00-debug: [[Executor]] Module "pack:///chunks/e6/e6cc321b8d3b4f784ce6fe69cf7164ff2f6a25b5.js" loaded.
2023-3-3 11:05:00-debug: [[Executor]] Module "pack:///chunks/e8/e82831b8c5ec8ddc1ea5003a29d52f406343e882.js" loaded.
2023-3-3 11:05:00-debug: [[Executor]] Module "pack:///chunks/96/967850d67e025b668f1546a9976b3ed2c0f9be99.js" loaded.
2023-3-3 11:05:00-debug: [[Executor]] Register Drag
2023-3-3 11:05:00-debug: [[Executor]] Module "pack:///chunks/fe/febfd5f299034c4997a6a6df2990d51a3420568a.js" loaded.
2023-3-3 11:05:00-debug: [[Executor]] Module "pack:///chunks/bc/bc68fa29314cb43602dbdab1e550e54e2383a9f0.js" loaded.
2023-3-3 11:05:00-debug: [[Executor]] Module "pack:///chunks/c4/c440cbeff5569e2edc70630057b7f0f03ae5ce26.js" loaded.
2023-3-3 11:05:00-debug: [[Executor]] Register Machine
2023-3-3 11:05:00-debug: [[Executor]] Module "pack:///chunks/f9/f9b7717d2cc6ddd3825fe57767e5479c0795487c.js" loaded.
2023-3-3 11:05:00-debug: [[Executor]] Module "pack:///chunks/fe/febced5e9a88b2b661fb6cf4cb2d69cb21b15123.js" loaded.
2023-3-3 11:05:00-debug: Invalidating 'pack:///chunks/d2/d2a469b18dd3806af6b4b4f47a791d61efe03601.js'
2023-3-3 11:05:00-debug: [[Executor]] Register FileOper
2023-3-3 11:05:00-debug: [[Executor]] Module "pack:///chunks/2f/2fbc1255c286db8b161de29cdfa6990ee240b6d3.js" loaded.
2023-3-3 11:05:00-debug: [[Executor]] Register ItemOption
2023-3-3 11:05:00-debug: [[Executor]] Module "pack:///chunks/71/714013323d7711a8b344f96dd05598168c1ddbc3.js" loaded.
2023-3-3 11:05:00-debug: [[Executor]] Register OptionScrollview
2023-3-3 11:05:00-warn: The type of "OptionScrollview.viewType" must be CCFloat or CCInteger, not Number.
2023-3-3 11:05:00-debug: [[Executor]] Module "pack:///chunks/c0/c00713dc02a1b148e3c3f7c1d4720ad0aa7c62ef.js" loaded.
2023-3-3 11:05:00-debug: [[Executor]] Register Menu
2023-3-3 11:05:00-debug: [[Executor]] Module "pack:///chunks/4c/4c33b2537e0c37ae9f688aadffb8414742f0ed5b.js" loaded.
2023-3-3 11:05:00-debug: [[Executor]] Register NewComponent
2023-3-3 11:05:00-debug: [[Executor]] Module "pack:///chunks/f5/f569f4d7775d4f8952133fd22a5ce1df20c05e84.js" loaded.
2023-3-3 11:05:00-debug: [[Executor]] Module "pack:///chunks/d2/d2a469b18dd3806af6b4b4f47a791d61efe03601.js" loaded.
2023-3-3 11:05:00-debug: Unregister NewComponent
2023-3-3 11:05:00-debug: [[Executor]] Module "pack:///chunks/48/48f3c34336031de075c36988f354b1b83718cb98.js" loaded.
2023-3-3 11:05:00-debug: Unregister ItemOption
2023-3-3 11:05:00-debug: // ---- build task 加载刷新项目脚本 ---- (21ms)
2023-3-3 11:05:00-debug: Process: heapTotal 258.30MB heapUsed 225.35MB rss 324.71MB
2023-3-3 11:05:00-debug: run build task 加载刷新项目脚本 success in 21 ms √6%
2023-3-3 11:05:00-debug: 查询 Asset Bundle start6%
2023-3-3 11:05:00-debug: // ---- build task 查询 Asset Bundle ----
2023-3-3 11:05:00-debug: // ---- build task 查询 Asset Bundle ---- (8ms)
2023-3-3 11:05:00-debug: run build task 查询 Asset Bundle success in 8 ms √7%
2023-3-3 11:05:00-debug: 查询使用的资源以及资源包配置 start7%
2023-3-3 11:05:00-debug: // ---- build task 查询使用的资源以及资源包配置 ----
2023-3-3 11:05:00-debug: Process: heapTotal 258.30MB heapUsed 225.40MB rss 324.71MB
2023-3-3 11:05:00-debug: Query preload assets from cc.config.json: 60f7195c-ec2a-45eb-ba94-8955f60e81d0,1c02ae6f-4492-4915-b8f8-7492a3b1e4cd,810e96e4-e456-4468-9b59-f4e8f39732c0,efe8e2a3-eace-427b-b4f1-cb8a937ec77d,e9aa9a3e-5b2b-4ac7-a2c7-073de2b2b24f,8bbdbcdd-5cd4-4100-b6d5-b7c9625b6107,50f4348b-c883-4e2f-8f11-ce233b859fa1,fda095cb-831d-4601-ad94-846013963de8,f92806d7-1768-443f-afe8-12bcde84d0f0,dd3a144d-ab7f-41f0-82b8-2e43a090d496,f0416e68-0200-4b77-a926-4f9d16e494da,ff9be190-20a4-4e48-b68c-76e3c7cff085,970b0598-bcb0-4714-91fb-2e81440dccd8,bcd64cc6-2dd9-43f6-abbe-66318d332032,d930590d-bb92-4cc8-8bd1-23cd027f9edf,a3cd009f-0ab0-420d-9278-b9fdab939bbc,9361fd90-ba52-4f84-aa93-6e878fd576ca,871c3b6c-7379-419d-bda3-794b239ab90d,c27215d8-6835-4b68-bfbb-bdeac6100c04,b5d6115f-0370-4d7c-aad3-c194cc71cf98
2023-3-3 11:05:00-debug: Number of scenes: 2
2023-3-3 11:05:01-warn: The sp.SkeletonData used by component "sp.Skeleton" is missing. Detailed information:Node path: "Canvas/alien-ess"Missing uuid: "c0135306-1804-4279-9b29-5782cd034f9b"
2023-3-3 11:05:01-warn: The sp.SkeletonData used by component "sp.Skeleton" is missing. Detailed information:Node path: "Canvas/Wild"Missing uuid: "dfa21ddd-09d9-47ff-bcc9-0db78b3dc074"
2023-3-3 11:05:01-debug: Number of assets: 49
2023-3-3 11:05:01-debug: Number of asset bundle: 2
2023-3-3 11:05:01-debug: // ---- build task 查询使用的资源以及资源包配置 ---- (36ms)
2023-3-3 11:05:01-debug: // ---- build task 整理脚本分组与脚本数据 ----
2023-3-3 11:05:01-debug: sort script group...
2023-3-3 11:05:01-debug: 整理脚本分组与脚本数据 start8%
2023-3-3 11:05:01-debug: run build task 查询使用的资源以及资源包配置 success in 36 ms √8%
2023-3-3 11:05:01-debug: Process: heapTotal 244.03MB heapUsed 223.23MB rss 324.93MB
2023-3-3 11:05:01-debug: run build task 整理脚本分组与脚本数据 success in 0 ms √9%
2023-3-3 11:05:01-debug: Process: heapTotal 244.03MB heapUsed 223.27MB rss 324.93MB
2023-3-3 11:05:01-debug: 整理纹理压缩任务 start9%
2023-3-3 11:05:01-debug: // ---- build task 整理纹理压缩任务 ----
2023-3-3 11:05:01-debug: Number of image-compress task: 0
2023-3-3 11:05:01-debug: // ---- build task 整理纹理压缩任务 ---- (10ms)
2023-3-3 11:05:01-debug: run build task 整理纹理压缩任务 success in 10 ms √11%
2023-3-3 11:05:01-debug: 初步划分 JSON 合并分组 start11%
2023-3-3 11:05:01-debug: // ---- build task 初步划分 JSON 合并分组 ----
2023-3-3 11:05:01-debug: Process: heapTotal 244.03MB heapUsed 223.36MB rss 324.93MB
2023-3-3 11:05:01-debug: Number of json group: 2
2023-3-3 11:05:01-debug: // ---- build task 初步划分 JSON 合并分组 ---- (1ms)
2023-3-3 11:05:01-debug: 整理合并压缩 Texture2D 的 JSON 数据 start12%
2023-3-3 11:05:01-debug: Process: heapTotal 244.03MB heapUsed 223.41MB rss 324.93MB
2023-3-3 11:05:01-debug: run build task 初步划分 JSON 合并分组 success in 1 ms √12%
2023-3-3 11:05:01-debug: // ---- build task 整理合并压缩 Texture2D 的 JSON 数据 ----
2023-3-3 11:05:01-debug: // ---- build task 整理合并压缩 Texture2D 的 JSON 数据 ---- (1ms)
2023-3-3 11:05:01-debug: // ---- build task 收集 importMap 信息 ----
2023-3-3 11:05:01-debug: 收集 importMap 信息 start13%
2023-3-3 11:05:01-debug: run build task 整理合并压缩 Texture2D 的 JSON 数据 success in 1 ms √13%
2023-3-3 11:05:01-debug: Process: heapTotal 244.03MB heapUsed 223.45MB rss 324.93MB
2023-3-3 11:05:01-debug: // ---- build task 收集 importMap 信息 ---- (1ms)
2023-3-3 11:05:01-debug: run build task 收集 importMap 信息 success in 1 ms √14%
2023-3-3 11:05:01-debug: web-mobile:(onBeforeBuildAssets) start...14%
2023-3-3 11:05:01-debug: // ---- build task web-mobile：onBeforeBuildAssets ----
2023-3-3 11:05:01-debug: Process: heapTotal 244.03MB heapUsed 223.49MB rss 324.93MB
2023-3-3 11:05:01-debug: web-mobile:(onBeforeBuildAssets) in 0 ms16%
2023-3-3 11:05:01-debug: localization-editor:(onBeforeBuildAssets) start...16%
2023-3-3 11:05:01-debug: // ---- build task localization-editor：onBeforeBuildAssets ----
2023-3-3 11:05:01-debug: Process: heapTotal 244.03MB heapUsed 223.53MB rss 324.93MB
2023-3-3 11:05:01-debug: // ---- build task localization-editor：onBeforeBuildAssets ---- (5ms)
2023-3-3 11:05:01-debug: Process: heapTotal 244.03MB heapUsed 223.56MB rss 324.93MB
2023-3-3 11:05:01-debug: Start collect pack info
2023-3-3 11:05:01-debug: // ---- build task 构建自动图集 ----
2023-3-3 11:05:01-debug: localization-editor:(onBeforeBuildAssets) in 5 ms17%
2023-3-3 11:05:01-debug: 构建自动图集 start17%
2023-3-3 11:05:01-debug: // ---- build task 构建自动图集 ---- (1ms)
2023-3-3 11:05:01-debug: Process: heapTotal 244.03MB heapUsed 223.60MB rss 324.93MB
2023-3-3 11:05:01-debug: 图片拷贝压缩任务 start23%
2023-3-3 11:05:01-debug: // ---- build task 图片拷贝压缩任务 ----
2023-3-3 11:05:01-debug: run build task 构建自动图集 success in 1 ms √23%
2023-3-3 11:05:01-debug: // ---- build task 图片拷贝压缩任务 ---- (1ms)
2023-3-3 11:05:01-debug: // ---- build task 将资源拷贝到指定位置 ----
2023-3-3 11:05:01-debug: Asset Bundle(internal) handle assets: 20
2023-3-3 11:05:01-debug: Process: heapTotal 244.03MB heapUsed 223.62MB rss 324.93MB
2023-3-3 11:05:01-debug: run build task 图片拷贝压缩任务 success in 1 ms √30%
2023-3-3 11:05:01-debug: 将资源拷贝到指定位置 start30%
2023-3-3 11:05:01-debug: Asset Bundle(main) handle assets: 29
2023-3-3 11:05:01-debug: // ---- build task 将资源拷贝到指定位置 ---- (8ms)
2023-3-3 11:05:01-debug: Process: heapTotal 244.03MB heapUsed 223.81MB rss 324.93MB
2023-3-3 11:05:01-debug: run build task 将资源拷贝到指定位置 success in 8 ms √37%
2023-3-3 11:05:01-debug: // ---- build task 将分组后的 json 与散文件构建到指定位置 ----
2023-3-3 11:05:01-debug: 将分组后的 json 与散文件构建到指定位置 start37%
2023-3-3 11:05:01-debug: Json group(0846c28f0) compile success，json number: 6
2023-3-3 11:05:01-debug: Json group(0698f1250) compile success，json number: 6
2023-3-3 11:05:01-warn: The sp.SkeletonData used by component "sp.Skeleton" is missing. Detailed information:Node path: "Canvas/alien-ess"Missing uuid: "c0135306-1804-4279-9b29-5782cd034f9b"
2023-3-3 11:05:01-warn: The sp.SkeletonData used by component "sp.Skeleton" is missing. Detailed information:Node path: "Canvas/Wild"Missing uuid: "dfa21ddd-09d9-47ff-bcc9-0db78b3dc074"
2023-3-3 11:05:01-debug: // ---- build task 将分组后的 json 与散文件构建到指定位置 ---- (99ms)
2023-3-3 11:05:01-debug: Process: heapTotal 243.35MB heapUsed 224.12MB rss 324.95MB
2023-3-3 11:05:01-debug: 打包脚本 start43%
2023-3-3 11:05:01-debug: // ---- build task 打包脚本 ----
2023-3-3 11:05:01-debug: run build task 将分组后的 json 与散文件构建到指定位置 success in 99 ms √43%
2023-3-3 11:05:05-debug: 构建项目脚本 start...43%
2023-3-3 11:05:05-debug: Process: heapTotal 260.85MB heapUsed 235.89MB rss 325.76MB
2023-3-3 11:05:05-log: Run build task(build-script) in child, see: chrome://inspect/#devices
2023-3-3 11:05:08-debug: excute-script over with build-script 3219ms
2023-3-3 11:05:08-debug: Process: heapTotal 260.85MB heapUsed 236.02MB rss 325.77MB
2023-3-3 11:05:08-debug: 构建项目脚本 in (3243 ms) √43%
2023-3-3 11:05:08-debug: 构建引擎脚本 start...43%
2023-3-3 11:05:08-debug: Copy externalScripts success!
2023-3-3 11:05:08-debug: Use cache engine: {link(/var/folders/0z/hx_5jw4n6qj35n3s1_qd40xw0000gn/T/CocosCreator/3.6.2/builder/engine/0309fa53c441229793cb0bbeee9b52c4)}
2023-3-3 11:05:08-debug: {"debug":false,"sourceMaps":false,"includeModules":["2d","animation","audio","base","dragon-bones","gfx-webgl","gfx-webgl2","intersection-2d","particle-2d","physics-2d-box2d","profiler","spine","tiled-map","tween","ui","video","webview"],"engineVersion":"3.6.2","platform":"HTML5","md5Map":[],"engineName":"cocos-js","useCache":true,"split":false,"ammoJsWasm":"fallback","assetURLFormat":"runtime-resolved","flags":{"DEBUG":false},"entry":"/Applications/CocosCreator/Creator/3.6.2/CocosCreator.app/Contents/Resources/resources/3d/engine"}
2023-3-3 11:05:08-debug: 构建引擎脚本 in (78 ms) √43%
2023-3-3 11:05:08-debug: // ---- build task 打包脚本 ---- (7697ms)
2023-3-3 11:05:08-debug: run build task 打包脚本 success in 7697 ms √50%
2023-3-3 11:05:08-debug: Process: heapTotal 260.85MB heapUsed 237.24MB rss 325.77MB
2023-3-3 11:05:08-debug: // ---- build task 压缩 Zip Bundle ----
2023-3-3 11:05:08-debug: 压缩 Zip Bundle start50%
2023-3-3 11:05:08-debug: // ---- build task 压缩 Zip Bundle ---- (1ms)
2023-3-3 11:05:08-debug: Process: heapTotal 260.85MB heapUsed 237.29MB rss 325.77MB
2023-3-3 11:05:08-debug: run build task 压缩 Zip Bundle success in 1 ms √57%
2023-3-3 11:05:08-debug: // ---- build task 给所有的资源加上 MD5 后缀 ----
2023-3-3 11:05:08-debug: 给所有的资源加上 MD5 后缀 start57%
2023-3-3 11:05:08-debug: run build task 给所有的资源加上 MD5 后缀 success in 0 ms √67%
2023-3-3 11:05:08-debug: 初始化 settings.json 与 config.json start67%
2023-3-3 11:05:08-debug: // ---- build task 初始化 settings.json 与 config.json ----
2023-3-3 11:05:08-debug: Process: heapTotal 260.85MB heapUsed 237.31MB rss 325.77MB
2023-3-3 11:05:08-debug: run build task 初始化 settings.json 与 config.json success in 0 ms √67%
2023-3-3 11:05:08-debug: Process: heapTotal 260.85MB heapUsed 237.34MB rss 325.77MB
2023-3-3 11:05:08-debug: builder.tasks.settings.macro start67%
2023-3-3 11:05:08-debug: // ---- build task builder.tasks.settings.macro ----
2023-3-3 11:05:08-debug: builder.tasks.settings.macro 字段未在编辑器多语言内定义
2023-3-3 11:05:08-debug: // ---- build task builder.tasks.settings.macro ---- (5ms)
2023-3-3 11:05:08-debug: run build task builder.tasks.settings.macro success in 5 ms √68%
2023-3-3 11:05:08-debug: 整理部分构建选项内数据到 settings.json start68%
2023-3-3 11:05:08-debug: // ---- build task 整理部分构建选项内数据到 settings.json ----
2023-3-3 11:05:08-debug: Process: heapTotal 260.85MB heapUsed 237.37MB rss 325.77MB
2023-3-3 11:05:08-debug: // ---- build task 整理部分构建选项内数据到 settings.json ---- (5ms)
2023-3-3 11:05:08-debug: Process: heapTotal 261.03MB heapUsed 237.58MB rss 325.93MB
2023-3-3 11:05:08-debug: custom joint texture layouts start68%
2023-3-3 11:05:08-debug: // ---- build task custom joint texture layouts ----
2023-3-3 11:05:08-debug: run build task 整理部分构建选项内数据到 settings.json success in 5 ms √68%
2023-3-3 11:05:08-debug: // ---- build task custom joint texture layouts ---- (5ms)
2023-3-3 11:05:08-debug: Process: heapTotal 261.03MB heapUsed 237.61MB rss 325.93MB
2023-3-3 11:05:08-debug: run build task custom joint texture layouts success in 5 ms √69%
2023-3-3 11:05:08-debug: // ---- build task custom joint physics ----
2023-3-3 11:05:08-debug: custom joint physics start69%
2023-3-3 11:05:08-debug: run build task custom joint physics success in 0 ms √69%
2023-3-3 11:05:08-debug: // ---- build task 填充脚本数据到 settings.json ----
2023-3-3 11:05:08-debug: 填充脚本数据到 settings.json start69%
2023-3-3 11:05:08-debug: Process: heapTotal 261.03MB heapUsed 237.63MB rss 325.93MB
2023-3-3 11:05:08-debug: // ---- build task 填充脚本数据到 settings.json ---- (1ms)
2023-3-3 11:05:08-debug: Process: heapTotal 261.03MB heapUsed 237.66MB rss 325.93MB
2023-3-3 11:05:08-debug: 填充场景数据到 settings.json start70%
2023-3-3 11:05:08-debug: // ---- build task 填充场景数据到 settings.json ----
2023-3-3 11:05:08-debug: run build task 填充脚本数据到 settings.json success in 1 ms √70%
2023-3-3 11:05:08-debug: // ---- build task 填充场景数据到 settings.json ---- (1ms)
2023-3-3 11:05:08-debug: Process: heapTotal 261.03MB heapUsed 237.69MB rss 325.93MB
2023-3-3 11:05:08-debug: run build task 填充场景数据到 settings.json success in 1 ms √71%
2023-3-3 11:05:08-debug: // ---- build task 整理资源分组，生成 packedAssets 以及 rawAssets 数据 ----
2023-3-3 11:05:08-debug: 整理资源分组，生成 packedAssets 以及 rawAssets 数据 start71%
2023-3-3 11:05:08-debug: // ---- build task 整理资源分组，生成 packedAssets 以及 rawAssets 数据 ---- (1ms)
2023-3-3 11:05:08-debug: Process: heapTotal 261.03MB heapUsed 237.73MB rss 325.93MB
2023-3-3 11:05:08-debug: options.md5Cache is false.
2023-3-3 11:05:08-debug: // ---- build task 从 suffixMap 生成 md5AssetsMap 到 settings.json ----
2023-3-3 11:05:08-debug: run build task 整理资源分组，生成 packedAssets 以及 rawAssets 数据 success in 1 ms √71%
2023-3-3 11:05:08-debug: 从 suffixMap 生成 md5AssetsMap 到 settings.json start71%
2023-3-3 11:05:08-debug: run build task 从 suffixMap 生成 md5AssetsMap 到 settings.json success in 0 ms √72%
2023-3-3 11:05:08-debug: web-mobile:(onBeforeCompressSettings) start...72%
2023-3-3 11:05:08-debug: // ---- build task web-mobile：onBeforeCompressSettings ----
2023-3-3 11:05:08-debug: Process: heapTotal 261.03MB heapUsed 237.77MB rss 325.93MB
2023-3-3 11:05:08-debug: web-mobile:(onBeforeCompressSettings) in 1 ms73%
2023-3-3 11:05:08-debug: Process: heapTotal 261.03MB heapUsed 237.80MB rss 325.93MB
2023-3-3 11:05:08-debug: // ---- build task cocos-service：onBeforeCompressSettings ----
2023-3-3 11:05:08-debug: // ---- build task web-mobile：onBeforeCompressSettings ---- (1ms)
2023-3-3 11:05:08-debug: cocos-service:(onBeforeCompressSettings) start...73%
2023-3-3 11:05:08-debug: // ---- build task cocos-service：onBeforeCompressSettings ---- (5ms)
2023-3-3 11:05:08-debug: Process: heapTotal 261.03MB heapUsed 237.84MB rss 325.93MB
2023-3-3 11:05:08-debug: 生成 import-map.json start74%
2023-3-3 11:05:08-debug: // ---- build task 生成 import-map.json ----
2023-3-3 11:05:08-debug: cocos-service:(onBeforeCompressSettings) in 5 ms74%
2023-3-3 11:05:08-debug: // ---- build task 生成 import-map.json ---- (1ms)
2023-3-3 11:05:08-debug: Process: heapTotal 261.03MB heapUsed 237.87MB rss 325.93MB
2023-3-3 11:05:08-debug: run build task 生成 import-map.json success in 1 ms √75%
2023-3-3 11:05:08-debug: // ---- build task 压缩 config.json 与 settings.json ----
2023-3-3 11:05:08-debug: 压缩 config.json 与 settings.json start75%
2023-3-3 11:05:08-debug: // ---- build task 压缩 config.json 与 settings.json ---- (1ms)
2023-3-3 11:05:08-debug: Process: heapTotal 261.03MB heapUsed 237.94MB rss 325.93MB
2023-3-3 11:05:08-debug: 保存 config.json start76%
2023-3-3 11:05:08-debug: // ---- build task 保存 config.json ----
2023-3-3 11:05:08-debug: run build task 压缩 config.json 与 settings.json success in 1 ms √76%
2023-3-3 11:05:08-debug: // ---- build task 保存 config.json ---- (1ms)
2023-3-3 11:05:08-debug: Process: heapTotal 261.03MB heapUsed 237.97MB rss 325.93MB
2023-3-3 11:05:08-debug: run build task 保存 config.json success in 1 ms √77%
2023-3-3 11:05:08-debug: 保存 settings.json start77%
2023-3-3 11:05:08-debug: // ---- build task 保存 settings.json ----
2023-3-3 11:05:08-debug: // ---- build task 保存 settings.json ---- (1ms)
2023-3-3 11:05:08-debug: run build task 保存 settings.json success in 1 ms √78%
2023-3-3 11:05:08-debug: 整理静态模板文件 start78%
2023-3-3 11:05:08-debug: // ---- build task 整理静态模板文件 ----
2023-3-3 11:05:08-debug: Process: heapTotal 261.40MB heapUsed 238.54MB rss 325.93MB
2023-3-3 11:05:08-debug: // ---- build task 整理静态模板文件 ---- (25ms)
2023-3-3 11:05:08-debug: run build task 整理静态模板文件 success in 25 ms √79%
2023-3-3 11:05:08-debug: cocos-service:(onAfterCompressSettings) start...79%
2023-3-3 11:05:08-debug: // ---- build task cocos-service：onAfterCompressSettings ----
2023-3-3 11:05:08-debug: Process: heapTotal 261.40MB heapUsed 240.51MB rss 325.93MB
2023-3-3 11:05:08-debug: // ---- build task cocos-service：onAfterCompressSettings ---- (5ms)
2023-3-3 11:05:08-debug: Process: heapTotal 261.40MB heapUsed 240.65MB rss 325.93MB
2023-3-3 11:05:08-debug: cocos-service:(onAfterCompressSettings) in 5 ms81%
2023-3-3 11:05:08-debug: // ---- build task web-mobile：onAfterBuild ----
2023-3-3 11:05:08-debug: web-mobile:(onAfterBuild) start...81%
2023-3-3 11:05:09-debug: // ---- build task web-mobile：onAfterBuild ---- (23ms)
2023-3-3 11:05:09-debug: web-mobile:(onAfterBuild) in 23 ms82%
2023-3-3 11:05:09-debug: cocos-service:(onAfterBuild) start...82%
2023-3-3 11:05:09-debug: // ---- build task cocos-service：onAfterBuild ----
2023-3-3 11:05:09-debug: Process: heapTotal 261.03MB heapUsed 235.80MB rss 326.12MB
2023-3-3 11:05:09-debug: // ---- build task cocos-service：onAfterBuild ---- (6ms)
2023-3-3 11:05:09-debug: cocos-service:(onAfterBuild) in 6 ms83%
2023-3-3 11:05:09-debug: builder:build-project-total (8112ms)
2023-3-3 11:05:09-debug: build success in 8112 ms!
2023-3-3 11:05:09-debug: ================================ Build Task (web-mobile) Finished in (8116)ms ================================
2023-3-3 11:05:31-debug: // ---- builder:run-build-stage-run ----
2023-3-3 11:05:31-debug: init options success
2023-3-3 11:05:31-debug: web-mobile:(run) start...
2023-3-3 11:05:31-debug: // ---- build task web-mobile：run ----
2023-3-3 11:05:31-debug: web-mobile:(run) in null ms √
2023-3-3 11:05:31-log: [task:run]: success!
2023-3-3 11:05:59-debug: // ---- builder:run-build-stage-run ----
2023-3-3 11:05:59-debug: init options success
2023-3-3 11:05:59-debug: web-mobile:(run) start...
2023-3-3 11:05:59-debug: // ---- build task web-mobile：run ----
2023-3-3 11:05:59-debug: web-mobile:(run) in null ms √
2023-3-3 11:05:59-log: [task:run]: success!
2023-3-3 11:06:37-debug: // ---- builder:run-build-stage-run ----
2023-3-3 11:06:37-debug: init options success
2023-3-3 11:06:37-debug: web-mobile:(run) start...
2023-3-3 11:06:37-debug: // ---- build task web-mobile：run ----
2023-3-3 11:06:37-debug: web-mobile:(run) in null ms √
2023-3-3 11:06:37-log: [task:run]: success!
