2023-3-4 13:06:39-debug: =================================== Build Task (web-spine) Start ================================
2023-3-4 13:06:39-debug: // ---- build task cocos-service：onBeforeBuild ----
2023-3-4 13:06:39-debug: Process: heapTotal 250.37MB heapUsed 230.53MB rss 650.34MB
2023-3-4 13:06:39-debug: cocos-service:(onBeforeBuild) start...0%
2023-3-4 13:06:39-debug: Start build task, options:{"name":"spine","platform":"web-mobile","buildPath":"project://build","debug":false,"md5Cache":false,"skipCompressTexture":false,"sourceMaps":false,"polyfills":{"asyncFunctions":true},"experimentalEraseModules":false,"useBuiltinServer":false,"mainBundleIsRemote":false,"mainBundleCompressionType":"merge_dep","replaceSplashScreen":true,"startScene":"98239f45-2855-4a77-9180-9a1bf3d2ccc7","outputName":"web-spine","scenes":[{"url":"db://assets/res/scene/machine.scene","uuid":"98239f45-2855-4a77-9180-9a1bf3d2ccc7","inBundle":false}],"web-mobile":[],"packages":{"web-mobile":{"orientation":"auto","embedWebDebugger":false,"__version__":"1.0.1"},"cocos-service":{"configID":"d06116","services":[],"__version__":"3.0.4"}},"__version__":"1.3.3"}
2023-3-4 13:06:39-debug: Build with Cocos Creator 3.6.2
2023-3-4 13:06:39-debug: // ---- build task cocos-service：onBeforeBuild ---- (9ms)
2023-3-4 13:06:39-debug: cocos-service:(onBeforeBuild) in 9 ms2%
2023-3-4 13:06:39-debug: Query all assets info in project
2023-3-4 13:06:39-debug: init custom config: keepNodeUuid: false, useCache: true
2023-3-4 13:06:39-debug: BuildAssetLibrary query-assets with assets 330
2023-3-4 13:06:39-debug:   Number of other assets: 391
2023-3-4 13:06:39-debug: web-mobile:(onAfterInit) start...2%
2023-3-4 13:06:39-debug: // ---- build task web-mobile：onAfterInit ----
2023-3-4 13:06:39-debug: Process: heapTotal 250.64MB heapUsed 232.01MB rss 650.34MB
2023-3-4 13:06:39-debug: BuildAssetLibrary initialized with asset 423!
2023-3-4 13:06:39-debug:   Number of all scenes: 1
2023-3-4 13:06:39-debug:   Number of all scripts: 13
2023-3-4 13:06:39-debug: // ---- build task web-mobile：onAfterInit ---- (1ms)
2023-3-4 13:06:39-debug: web-mobile:(onAfterInit) in 1 ms3%
2023-3-4 13:06:39-debug: cocos-service:(onAfterInit) start...3%
2023-3-4 13:06:39-debug: // ---- build task cocos-service：onAfterInit ----
2023-3-4 13:06:39-debug: Process: heapTotal 250.64MB heapUsed 232.04MB rss 650.34MB
2023-3-4 13:06:39-debug: // ---- build task cocos-service：onAfterInit ---- (7ms)
2023-3-4 13:06:39-debug: Process: heapTotal 250.64MB heapUsed 232.08MB rss 650.34MB
2023-3-4 13:06:39-debug: localization-editor:(onAfterInit) start...4%
2023-3-4 13:06:39-debug: // ---- build task localization-editor：onAfterInit ----
2023-3-4 13:06:39-debug: cocos-service:(onAfterInit) in 7 ms4%
2023-3-4 13:06:39-debug: // ---- build task localization-editor：onAfterInit ---- (4ms)
2023-3-4 13:06:39-debug: // ---- build task 加载刷新项目脚本 ----
2023-3-4 13:06:39-debug: reload all scripts.
2023-3-4 13:06:39-debug: Process: heapTotal 250.64MB heapUsed 232.11MB rss 650.35MB
2023-3-4 13:06:39-debug: localization-editor:(onAfterInit) in 4 ms4%
2023-3-4 13:06:39-debug: 加载刷新项目脚本 start4%
2023-3-4 13:06:39-debug: Incremental keys: 
2023-3-4 13:06:39-debug: Set detail map pack:///resolution-detail-map.json: {}
2023-3-4 13:06:39-debug: Unregister Drag
2023-3-4 13:06:39-debug: Unregister OptionScrollview
2023-3-4 13:06:39-debug: Unregister Menu
2023-3-4 13:06:39-debug: Invalidating 'pack:///chunks/d0/d0b282b9748ef7fc7d2e7bd647d71b0f7e84da53.js'
2023-3-4 13:06:39-debug: Invalidating 'pack:///chunks/9c/9cf229abfa71884e036c6807b179e78ad5c3b870.js'
2023-3-4 13:06:39-debug: Invalidating 'pack:///chunks/d0/d0be17b1642d1a79c69095174eaf636df93ab20f.js'
2023-3-4 13:06:39-debug: Invalidating 'pack:///chunks/84/84741ad843cea9a440c5d8c2d379669b6551400d.js'
2023-3-4 13:06:39-debug: Invalidating 'pack:///chunks/ee/ee6fc1f0f38cc175c34521f02c2e377258608fca.js'
2023-3-4 13:06:39-debug: Invalidating 'pack:///chunks/23/234cfadf2eb3cd458eb31e1d9d28f11201341f0a.js'
2023-3-4 13:06:39-debug: Invalidating 'pack:///chunks/2e/2e789a36b00390ac6d55d6bff89242314eec8845.js'
2023-3-4 13:06:39-debug: Invalidating 'pack:///chunks/0d/0d212adf0905d2efb03ab0bbb20ff23974e4ffc4.js'
2023-3-4 13:06:39-debug: Invalidating 'pack:///chunks/4d/4d9f1eb8bc450b81877902a4efffcd38103175ff.js'
2023-3-4 13:06:39-debug: Invalidating 'pack:///chunks/16/1687161879b38174621ee8a621fb1acbae4f0f79.js'
2023-3-4 13:06:39-debug: Invalidating 'pack:///chunks/a5/a579c65b8f226064d42efd7f42451a2d9d293223.js'
2023-3-4 13:06:39-debug: Invalidating 'pack:///chunks/bf/bfffb72e33f011a711dab6506e88315bffd4389a.js'
2023-3-4 13:06:39-debug: Invalidating 'pack:///chunks/e6/e6f4d9b8a96e7d31a8173d8e8bdffedfcb520685.js'
2023-3-4 13:06:39-debug: Invalidating 'pack:///chunks/fc/fcafe8287a25fa9b28a892377cd26af7a13d1e38.js'
2023-3-4 13:06:39-debug: Invalidating 'pack:///chunks/a6/a60121df900b1ca7531c7159976a10c0edffd02f.js'
2023-3-4 13:06:39-debug: Unregister Machine
2023-3-4 13:06:39-debug: [[Executor]] Module "pack:///chunks/d0/d0b282b9748ef7fc7d2e7bd647d71b0f7e84da53.js" loaded.
2023-3-4 13:06:39-debug: [[Executor]] Module "pack:///chunks/9c/9cf229abfa71884e036c6807b179e78ad5c3b870.js" loaded.
2023-3-4 13:06:39-debug: [[Executor]] Module "pack:///chunks/84/84741ad843cea9a440c5d8c2d379669b6551400d.js" loaded.
2023-3-4 13:06:39-debug: Unregister FileOper
2023-3-4 13:06:39-debug: [[Executor]] Module "pack:///chunks/ee/ee6fc1f0f38cc175c34521f02c2e377258608fca.js" loaded.
2023-3-4 13:06:39-debug: [[Executor]] Module "pack:///chunks/23/234cfadf2eb3cd458eb31e1d9d28f11201341f0a.js" loaded.
2023-3-4 13:06:39-debug: [[Executor]] Register Drag
2023-3-4 13:06:39-debug: [[Executor]] Module "pack:///chunks/2e/2e789a36b00390ac6d55d6bff89242314eec8845.js" loaded.
2023-3-4 13:06:39-debug: [[Executor]] Module "pack:///chunks/4d/4d9f1eb8bc450b81877902a4efffcd38103175ff.js" loaded.
2023-3-4 13:06:39-debug: [[Executor]] Module "pack:///chunks/0d/0d212adf0905d2efb03ab0bbb20ff23974e4ffc4.js" loaded.
2023-3-4 13:06:39-debug: [[Executor]] Register Machine
2023-3-4 13:06:39-debug: [[Executor]] Module "pack:///chunks/16/1687161879b38174621ee8a621fb1acbae4f0f79.js" loaded.
2023-3-4 13:06:39-debug: [[Executor]] Module "pack:///chunks/e6/e6f4d9b8a96e7d31a8173d8e8bdffedfcb520685.js" loaded.
2023-3-4 13:06:39-debug: [[Executor]] Module "pack:///chunks/bf/bfffb72e33f011a711dab6506e88315bffd4389a.js" loaded.
2023-3-4 13:06:39-debug: [[Executor]] Register FileOper
2023-3-4 13:06:39-debug: [[Executor]] Module "pack:///chunks/a5/a579c65b8f226064d42efd7f42451a2d9d293223.js" loaded.
2023-3-4 13:06:39-debug: [[Executor]] Register ItemOption
2023-3-4 13:06:39-debug: [[Executor]] Module "pack:///chunks/d0/d0be17b1642d1a79c69095174eaf636df93ab20f.js" loaded.
2023-3-4 13:06:39-debug: Invalidating 'pack:///chunks/14/14d51a67138edeb2706bf1a7d191f6d03b9a0903.js'
2023-3-4 13:06:39-warn: The type of "OptionScrollview.viewType" must be CCFloat or CCInteger, not Number.
2023-3-4 13:06:39-debug: [[Executor]] Module "pack:///chunks/14/14d51a67138edeb2706bf1a7d191f6d03b9a0903.js" loaded.
2023-3-4 13:06:39-debug: [[Executor]] Register Menu
2023-3-4 13:06:39-debug: [[Executor]] Module "pack:///chunks/a6/a60121df900b1ca7531c7159976a10c0edffd02f.js" loaded.
2023-3-4 13:06:39-debug: [[Executor]] Module "pack:///chunks/9c/9cf229abfa71884e036c6807b179e78ad5c3b870.js" loaded.
2023-3-4 13:06:39-debug: Unregister ItemOption
2023-3-4 13:06:39-debug: [[Executor]] Module "pack:///chunks/fc/fcafe8287a25fa9b28a892377cd26af7a13d1e38.js" loaded.
2023-3-4 13:06:39-debug: [[Executor]] Register OptionScrollview
2023-3-4 13:06:39-debug: // ---- build task 加载刷新项目脚本 ---- (20ms)
2023-3-4 13:06:39-debug: Process: heapTotal 250.64MB heapUsed 232.97MB rss 650.49MB
2023-3-4 13:06:39-debug: 查询 Asset Bundle start6%
2023-3-4 13:06:39-debug: // ---- build task 查询 Asset Bundle ----
2023-3-4 13:06:39-debug: run build task 加载刷新项目脚本 success in 20 ms √6%
2023-3-4 13:06:39-debug: // ---- build task 查询 Asset Bundle ---- (8ms)
2023-3-4 13:06:39-debug: run build task 查询 Asset Bundle success in 8 ms √7%
2023-3-4 13:06:39-debug: 查询使用的资源以及资源包配置 start7%
2023-3-4 13:06:39-debug: // ---- build task 查询使用的资源以及资源包配置 ----
2023-3-4 13:06:39-debug: Process: heapTotal 250.64MB heapUsed 233.02MB rss 650.50MB
2023-3-4 13:06:39-debug: Query preload assets from cc.config.json: 60f7195c-ec2a-45eb-ba94-8955f60e81d0,1c02ae6f-4492-4915-b8f8-7492a3b1e4cd,810e96e4-e456-4468-9b59-f4e8f39732c0,efe8e2a3-eace-427b-b4f1-cb8a937ec77d,e9aa9a3e-5b2b-4ac7-a2c7-073de2b2b24f,8bbdbcdd-5cd4-4100-b6d5-b7c9625b6107,50f4348b-c883-4e2f-8f11-ce233b859fa1,fda095cb-831d-4601-ad94-846013963de8,f92806d7-1768-443f-afe8-12bcde84d0f0,dd3a144d-ab7f-41f0-82b8-2e43a090d496,f0416e68-0200-4b77-a926-4f9d16e494da,ff9be190-20a4-4e48-b68c-76e3c7cff085,970b0598-bcb0-4714-91fb-2e81440dccd8,bcd64cc6-2dd9-43f6-abbe-66318d332032,d930590d-bb92-4cc8-8bd1-23cd027f9edf,a3cd009f-0ab0-420d-9278-b9fdab939bbc,9361fd90-ba52-4f84-aa93-6e878fd576ca,871c3b6c-7379-419d-bda3-794b239ab90d,c27215d8-6835-4b68-bfbb-bdeac6100c04,b5d6115f-0370-4d7c-aad3-c194cc71cf98
2023-3-4 13:06:39-debug: Number of scenes: 1
2023-3-4 13:06:39-debug: Number of assets: 48
2023-3-4 13:06:39-debug: Number of asset bundle: 2
2023-3-4 13:06:39-debug: // ---- build task 查询使用的资源以及资源包配置 ---- (33ms)
2023-3-4 13:06:39-debug: Process: heapTotal 238.12MB heapUsed 230.62MB rss 651.21MB
2023-3-4 13:06:39-debug: sort script group...
2023-3-4 13:06:39-debug: // ---- build task 整理脚本分组与脚本数据 ----
2023-3-4 13:06:39-debug: run build task 查询使用的资源以及资源包配置 success in 33 ms √8%
2023-3-4 13:06:39-debug: 整理脚本分组与脚本数据 start8%
2023-3-4 13:06:39-debug: run build task 整理脚本分组与脚本数据 success in 0 ms √9%
2023-3-4 13:06:39-debug: 整理纹理压缩任务 start9%
2023-3-4 13:06:39-debug: // ---- build task 整理纹理压缩任务 ----
2023-3-4 13:06:39-debug: Process: heapTotal 238.12MB heapUsed 230.66MB rss 651.21MB
2023-3-4 13:06:39-debug: Number of image-compress task: 0
2023-3-4 13:06:39-debug: // ---- build task 整理纹理压缩任务 ---- (10ms)
2023-3-4 13:06:39-debug: // ---- build task 初步划分 JSON 合并分组 ----
2023-3-4 13:06:39-debug: Process: heapTotal 238.12MB heapUsed 230.75MB rss 651.21MB
2023-3-4 13:06:39-debug: run build task 整理纹理压缩任务 success in 10 ms √11%
2023-3-4 13:06:39-debug: 初步划分 JSON 合并分组 start11%
2023-3-4 13:06:39-debug: Number of json group: 2
2023-3-4 13:06:39-debug: // ---- build task 初步划分 JSON 合并分组 ---- (1ms)
2023-3-4 13:06:39-debug: run build task 初步划分 JSON 合并分组 success in 1 ms √12%
2023-3-4 13:06:39-debug: // ---- build task 整理合并压缩 Texture2D 的 JSON 数据 ----
2023-3-4 13:06:39-debug: 整理合并压缩 Texture2D 的 JSON 数据 start12%
2023-3-4 13:06:39-debug: Process: heapTotal 237.62MB heapUsed 229.43MB rss 651.95MB
2023-3-4 13:06:39-debug: // ---- build task 整理合并压缩 Texture2D 的 JSON 数据 ---- (1ms)
2023-3-4 13:06:39-debug: run build task 整理合并压缩 Texture2D 的 JSON 数据 success in 1 ms √13%
2023-3-4 13:06:39-debug: 收集 importMap 信息 start13%
2023-3-4 13:06:39-debug: // ---- build task 收集 importMap 信息 ----
2023-3-4 13:06:39-debug: Process: heapTotal 237.62MB heapUsed 229.46MB rss 651.95MB
2023-3-4 13:06:39-debug: run build task 收集 importMap 信息 success in 0 ms √14%
2023-3-4 13:06:39-debug: web-mobile:(onBeforeBuildAssets) start...14%
2023-3-4 13:06:39-debug: // ---- build task web-mobile：onBeforeBuildAssets ----
2023-3-4 13:06:39-debug: Process: heapTotal 237.62MB heapUsed 229.50MB rss 651.95MB
2023-3-4 13:06:39-debug: // ---- build task web-mobile：onBeforeBuildAssets ---- (1ms)
2023-3-4 13:06:39-debug: web-mobile:(onBeforeBuildAssets) in 1 ms16%
2023-3-4 13:06:39-debug: localization-editor:(onBeforeBuildAssets) start...16%
2023-3-4 13:06:39-debug: // ---- build task localization-editor：onBeforeBuildAssets ----
2023-3-4 13:06:39-debug: Process: heapTotal 237.62MB heapUsed 229.54MB rss 651.95MB
2023-3-4 13:06:39-debug: // ---- build task localization-editor：onBeforeBuildAssets ---- (4ms)
2023-3-4 13:06:39-debug: // ---- build task 构建自动图集 ----
2023-3-4 13:06:39-debug: Start collect pack info
2023-3-4 13:06:39-debug: Process: heapTotal 237.62MB heapUsed 229.57MB rss 651.95MB
2023-3-4 13:06:39-debug: localization-editor:(onBeforeBuildAssets) in 4 ms17%
2023-3-4 13:06:39-debug: 构建自动图集 start17%
2023-3-4 13:06:40-debug: run build task 构建自动图集 success in 0 ms √23%
2023-3-4 13:06:40-debug: 图片拷贝压缩任务 start23%
2023-3-4 13:06:40-debug: // ---- build task 图片拷贝压缩任务 ----
2023-3-4 13:06:40-debug: Process: heapTotal 237.62MB heapUsed 229.61MB rss 651.95MB
2023-3-4 13:06:40-debug: run build task 图片拷贝压缩任务 success in 0 ms √30%
2023-3-4 13:06:40-debug: 将资源拷贝到指定位置 start30%
2023-3-4 13:06:40-debug: // ---- build task 将资源拷贝到指定位置 ----
2023-3-4 13:06:40-debug: Asset Bundle(internal) handle assets: 20
2023-3-4 13:06:40-debug: Process: heapTotal 237.62MB heapUsed 229.63MB rss 651.95MB
2023-3-4 13:06:40-debug: Asset Bundle(main) handle assets: 28
2023-3-4 13:06:40-debug: // ---- build task 将资源拷贝到指定位置 ---- (5ms)
2023-3-4 13:06:40-debug: Process: heapTotal 237.62MB heapUsed 229.82MB rss 651.96MB
2023-3-4 13:06:40-debug: 将分组后的 json 与散文件构建到指定位置 start37%
2023-3-4 13:06:40-debug: // ---- build task 将分组后的 json 与散文件构建到指定位置 ----
2023-3-4 13:06:40-debug: run build task 将资源拷贝到指定位置 success in 5 ms √37%
2023-3-4 13:06:40-debug: Json group(0846c28f0) compile success，json number: 6
2023-3-4 13:06:40-debug: Json group(0698f1250) compile success，json number: 6
2023-3-4 13:06:40-debug: // ---- build task 将分组后的 json 与散文件构建到指定位置 ---- (126ms)
2023-3-4 13:06:40-debug: Process: heapTotal 237.77MB heapUsed 230.30MB rss 652.74MB
2023-3-4 13:06:40-debug: run build task 将分组后的 json 与散文件构建到指定位置 success in 126 ms √43%
2023-3-4 13:06:40-debug: 打包脚本 start43%
2023-3-4 13:06:40-debug: // ---- build task 打包脚本 ----
2023-3-4 13:06:43-debug: 构建项目脚本 start...43%
2023-3-4 13:06:43-debug: Process: heapTotal 259.60MB heapUsed 221.90MB rss 652.32MB
2023-3-4 13:06:43-log: Run build task(build-script) in child, see: chrome://inspect/#devices
2023-3-4 13:06:45-debug: excute-script over with build-script 2341ms
2023-3-4 13:06:45-debug: Copy externalScripts success!
2023-3-4 13:06:45-debug: 构建项目脚本 in (2348 ms) √43%
2023-3-4 13:06:45-debug: 构建引擎脚本 start...43%
2023-3-4 13:06:45-debug: Process: heapTotal 259.60MB heapUsed 222.09MB rss 652.32MB
2023-3-4 13:06:45-debug: Use cache engine: {link(/var/folders/lg/bfx3pq1j76q7chzx68w_q62c0000gn/T/CocosCreator/3.6.2/builder/engine/0309fa53c441229793cb0bbeee9b52c4)}
2023-3-4 13:06:45-debug: {"debug":false,"sourceMaps":false,"includeModules":["2d","animation","audio","base","dragon-bones","gfx-webgl","gfx-webgl2","intersection-2d","particle-2d","physics-2d-box2d","profiler","spine","tiled-map","tween","ui","video","webview"],"engineVersion":"3.6.2","platform":"HTML5","md5Map":[],"engineName":"cocos-js","useCache":true,"split":false,"ammoJsWasm":"fallback","assetURLFormat":"runtime-resolved","flags":{"DEBUG":false},"entry":"/Applications/CocosCreator/Creator/3.6.2/CocosCreator.app/Contents/Resources/resources/3d/engine"}
2023-3-4 13:06:45-debug: 构建引擎脚本 in (90 ms) √43%
2023-3-4 13:06:45-debug: // ---- build task 打包脚本 ---- (5796ms)
2023-3-4 13:06:45-debug: Process: heapTotal 259.60MB heapUsed 223.68MB rss 652.33MB
2023-3-4 13:06:45-debug: run build task 打包脚本 success in 5796 ms √50%
2023-3-4 13:06:45-debug: 压缩 Zip Bundle start50%
2023-3-4 13:06:45-debug: // ---- build task 压缩 Zip Bundle ----
2023-3-4 13:06:45-debug: run build task 压缩 Zip Bundle success in 0 ms √57%
2023-3-4 13:06:45-debug: 给所有的资源加上 MD5 后缀 start57%
2023-3-4 13:06:45-debug: // ---- build task 给所有的资源加上 MD5 后缀 ----
2023-3-4 13:06:45-debug: Process: heapTotal 259.60MB heapUsed 223.73MB rss 652.33MB
2023-3-4 13:06:45-debug: run build task 给所有的资源加上 MD5 后缀 success in 0 ms √67%
2023-3-4 13:06:45-debug: 初始化 settings.json 与 config.json start67%
2023-3-4 13:06:45-debug: // ---- build task 初始化 settings.json 与 config.json ----
2023-3-4 13:06:45-debug: Process: heapTotal 259.60MB heapUsed 223.75MB rss 652.33MB
2023-3-4 13:06:45-debug: // ---- build task 初始化 settings.json 与 config.json ---- (1ms)
2023-3-4 13:06:45-debug: builder.tasks.settings.macro start67%
2023-3-4 13:06:45-debug: builder.tasks.settings.macro 字段未在编辑器多语言内定义
2023-3-4 13:06:45-debug: // ---- build task builder.tasks.settings.macro ----
2023-3-4 13:06:45-debug: run build task 初始化 settings.json 与 config.json success in 1 ms √67%
2023-3-4 13:06:45-debug: Process: heapTotal 259.60MB heapUsed 223.78MB rss 652.33MB
2023-3-4 13:06:45-debug: // ---- build task builder.tasks.settings.macro ---- (4ms)
2023-3-4 13:06:45-debug: Process: heapTotal 259.60MB heapUsed 223.81MB rss 652.33MB
2023-3-4 13:06:45-debug: 整理部分构建选项内数据到 settings.json start68%
2023-3-4 13:06:45-debug: // ---- build task 整理部分构建选项内数据到 settings.json ----
2023-3-4 13:06:45-debug: run build task builder.tasks.settings.macro success in 4 ms √68%
2023-3-4 13:06:45-debug: // ---- build task 整理部分构建选项内数据到 settings.json ---- (5ms)
2023-3-4 13:06:45-debug: run build task 整理部分构建选项内数据到 settings.json success in 5 ms √68%
2023-3-4 13:06:45-debug: custom joint texture layouts start68%
2023-3-4 13:06:45-debug: // ---- build task custom joint texture layouts ----
2023-3-4 13:06:45-debug: Process: heapTotal 259.78MB heapUsed 224.02MB rss 652.46MB
2023-3-4 13:06:45-debug: // ---- build task custom joint texture layouts ---- (4ms)
2023-3-4 13:06:45-debug: Process: heapTotal 259.78MB heapUsed 224.05MB rss 652.46MB
2023-3-4 13:06:45-debug: run build task custom joint texture layouts success in 4 ms √69%
2023-3-4 13:06:45-debug: // ---- build task custom joint physics ----
2023-3-4 13:06:45-debug: custom joint physics start69%
2023-3-4 13:06:45-debug: // ---- build task custom joint physics ---- (1ms)
2023-3-4 13:06:45-debug: Process: heapTotal 259.78MB heapUsed 224.07MB rss 652.46MB
2023-3-4 13:06:45-debug: 填充脚本数据到 settings.json start69%
2023-3-4 13:06:45-debug: // ---- build task 填充脚本数据到 settings.json ----
2023-3-4 13:06:45-debug: run build task custom joint physics success in 1 ms √69%
2023-3-4 13:06:45-debug: // ---- build task 填充脚本数据到 settings.json ---- (1ms)
2023-3-4 13:06:45-debug: Process: heapTotal 259.78MB heapUsed 224.10MB rss 652.46MB
2023-3-4 13:06:45-debug: 填充场景数据到 settings.json start70%
2023-3-4 13:06:45-debug: // ---- build task 填充场景数据到 settings.json ----
2023-3-4 13:06:45-debug: run build task 填充脚本数据到 settings.json success in 1 ms √70%
2023-3-4 13:06:45-debug: // ---- build task 填充场景数据到 settings.json ---- (1ms)
2023-3-4 13:06:45-debug: // ---- build task 整理资源分组，生成 packedAssets 以及 rawAssets 数据 ----
2023-3-4 13:06:45-debug: 整理资源分组，生成 packedAssets 以及 rawAssets 数据 start71%
2023-3-4 13:06:45-debug: Process: heapTotal 259.78MB heapUsed 224.13MB rss 652.46MB
2023-3-4 13:06:45-debug: run build task 填充场景数据到 settings.json success in 1 ms √71%
2023-3-4 13:06:45-debug: // ---- build task 整理资源分组，生成 packedAssets 以及 rawAssets 数据 ---- (1ms)
2023-3-4 13:06:45-debug: run build task 整理资源分组，生成 packedAssets 以及 rawAssets 数据 success in 1 ms √71%
2023-3-4 13:06:45-debug: // ---- build task 从 suffixMap 生成 md5AssetsMap 到 settings.json ----
2023-3-4 13:06:45-debug: 从 suffixMap 生成 md5AssetsMap 到 settings.json start71%
2023-3-4 13:06:45-debug: Process: heapTotal 259.78MB heapUsed 224.17MB rss 652.46MB
2023-3-4 13:06:45-debug: options.md5Cache is false.
2023-3-4 13:06:45-debug: run build task 从 suffixMap 生成 md5AssetsMap 到 settings.json success in 0 ms √72%
2023-3-4 13:06:45-debug: web-mobile:(onBeforeCompressSettings) start...72%
2023-3-4 13:06:45-debug: // ---- build task web-mobile：onBeforeCompressSettings ----
2023-3-4 13:06:45-debug: Process: heapTotal 259.78MB heapUsed 224.21MB rss 652.46MB
2023-3-4 13:06:45-debug: // ---- build task web-mobile：onBeforeCompressSettings ---- (1ms)
2023-3-4 13:06:45-debug: web-mobile:(onBeforeCompressSettings) in 1 ms73%
2023-3-4 13:06:46-debug: cocos-service:(onBeforeCompressSettings) start...73%
2023-3-4 13:06:46-debug: // ---- build task cocos-service：onBeforeCompressSettings ----
2023-3-4 13:06:46-debug: Process: heapTotal 259.78MB heapUsed 224.24MB rss 652.46MB
2023-3-4 13:06:46-debug: // ---- build task cocos-service：onBeforeCompressSettings ---- (7ms)
2023-3-4 13:06:46-debug: cocos-service:(onBeforeCompressSettings) in 7 ms74%
2023-3-4 13:06:46-debug: 生成 import-map.json start74%
2023-3-4 13:06:46-debug: // ---- build task 生成 import-map.json ----
2023-3-4 13:06:46-debug: Process: heapTotal 259.78MB heapUsed 224.29MB rss 652.46MB
2023-3-4 13:06:46-debug: // ---- build task 生成 import-map.json ---- (1ms)
2023-3-4 13:06:46-debug: // ---- build task 压缩 config.json 与 settings.json ----
2023-3-4 13:06:46-debug: 压缩 config.json 与 settings.json start75%
2023-3-4 13:06:46-debug: run build task 生成 import-map.json success in 1 ms √75%
2023-3-4 13:06:46-debug: Process: heapTotal 259.78MB heapUsed 224.32MB rss 652.46MB
2023-3-4 13:06:46-debug: // ---- build task 压缩 config.json 与 settings.json ---- (1ms)
2023-3-4 13:06:46-debug: run build task 压缩 config.json 与 settings.json success in 1 ms √76%
2023-3-4 13:06:46-debug: // ---- build task 保存 config.json ----
2023-3-4 13:06:46-debug: 保存 config.json start76%
2023-3-4 13:06:46-debug: Process: heapTotal 259.78MB heapUsed 224.38MB rss 652.46MB
2023-3-4 13:06:46-debug: // ---- build task 保存 config.json ---- (1ms)
2023-3-4 13:06:46-debug: run build task 保存 config.json success in 1 ms √77%
2023-3-4 13:06:46-debug: 保存 settings.json start77%
2023-3-4 13:06:46-debug: // ---- build task 保存 settings.json ----
2023-3-4 13:06:46-debug: Process: heapTotal 259.78MB heapUsed 224.42MB rss 652.46MB
2023-3-4 13:06:46-debug: // ---- build task 保存 settings.json ---- (1ms)
2023-3-4 13:06:46-debug: Process: heapTotal 260.15MB heapUsed 225.00MB rss 652.59MB
2023-3-4 13:06:46-debug: run build task 保存 settings.json success in 1 ms √78%
2023-3-4 13:06:46-debug: 整理静态模板文件 start78%
2023-3-4 13:06:46-debug: // ---- build task 整理静态模板文件 ----
2023-3-4 13:06:46-debug: // ---- build task 整理静态模板文件 ---- (31ms)
2023-3-4 13:06:46-debug: Process: heapTotal 260.15MB heapUsed 227.30MB rss 652.59MB
2023-3-4 13:06:46-debug: cocos-service:(onAfterCompressSettings) start...79%
2023-3-4 13:06:46-debug: // ---- build task cocos-service：onAfterCompressSettings ----
2023-3-4 13:06:46-debug: run build task 整理静态模板文件 success in 31 ms √79%
2023-3-4 13:06:46-debug: // ---- build task cocos-service：onAfterCompressSettings ---- (5ms)
2023-3-4 13:06:46-debug: cocos-service:(onAfterCompressSettings) in 5 ms81%
2023-3-4 13:06:46-debug: web-mobile:(onAfterBuild) start...81%
2023-3-4 13:06:46-debug: // ---- build task web-mobile：onAfterBuild ----
2023-3-4 13:06:46-debug: Process: heapTotal 260.15MB heapUsed 227.44MB rss 652.59MB
2023-3-4 13:06:46-debug: // ---- build task web-mobile：onAfterBuild ---- (25ms)
2023-3-4 13:06:46-debug: Process: heapTotal 259.78MB heapUsed 224.19MB rss 652.59MB
2023-3-4 13:06:46-debug: cocos-service:(onAfterBuild) start...82%
2023-3-4 13:06:46-debug: // ---- build task cocos-service：onAfterBuild ----
2023-3-4 13:06:46-debug: web-mobile:(onAfterBuild) in 25 ms82%
2023-3-4 13:06:46-debug: // ---- build task cocos-service：onAfterBuild ---- (6ms)
2023-3-4 13:06:46-debug: cocos-service:(onAfterBuild) in 6 ms83%
2023-3-4 13:06:46-debug: builder:build-project-total (6254ms)
2023-3-4 13:06:46-debug: build success in 6254 ms!
2023-3-4 13:06:46-debug: ================================ Build Task (web-spine) Finished in (6256)ms ================================
2023-3-4 13:06:49-debug: // ---- builder:run-build-stage-run ----
2023-3-4 13:06:49-debug: // ---- build task web-mobile：run ----
2023-3-4 13:06:49-debug: init options success
2023-3-4 13:06:49-debug: web-mobile:(run) start...
2023-3-4 13:06:49-debug: web-mobile:(run) in null ms √
2023-3-4 13:06:49-log: [task:run]: success!
