debug: Sat, 04 Mar 2023 05:03:59 GMT
debug: Project: /Users/weimao/XiaYu/VScodeProject/CocosCreate/Spine
debug: Targets: editor,preview
debug: Incremental file seems great.
debug: Engine path: /Applications/CocosCreator/Creator/3.6.2/CocosCreator.app/Contents/Resources/resources/3d/engine
debug: Initializing target [Editor]
debug: Loading cache
debug: Loading cache costs 2.923898994922638ms.
debug: Engine features shipped in editor: base,gfx-webgl,gfx-webgl2,3d,animation,skeletal-animation,2d,ui,particle,particle-2d,physics-framework,physics-2d-framework,intersection-2d,primitive,profiler,occlusion-query,geometry-renderer,debug-renderer,audio,video,xr,terrain,webview,tween,tiled-map,spine,dragon-bones,marionette,custom-pipeline
debug: Our import map(foo:/bar): {
  "imports": {
    "cc": "cce:/internal/x/cc"
  }
}
debug: Initializing target [Preview]
debug: Loading cache
debug: Loading cache costs 3.3161700069904327ms.
debug: Our import map(foo:/bar): {
  "imports": {
    "cc": "cce:/internal/x/cc"
  }
}
debug: Sync engine features: 2d,animation,audio,base,dragon-bones,gfx-webgl,gfx-webgl2,intersection-2d,particle-2d,physics-2d-box2d,profiler,spine,tiled-map,tween,ui,video,webview
debug: Reset databases. Enumerated domains: [
  {
    "root": "db://internal/",
    "physical": "/Applications/CocosCreator/Creator/3.6.2/CocosCreator.app/Contents/Resources/resources/3d/engine/editor/assets"
  },
  {
    "root": "db://assets/",
    "physical": "/Users/weimao/XiaYu/VScodeProject/CocosCreate/Spine/assets"
  }
]
debug: Our import map(foo:/bar): {
  "imports": {
    "cc": "cce:/internal/x/cc",
    "db://internal/": "file:///Applications/CocosCreator/Creator/3.6.2/CocosCreator.app/Contents/Resources/resources/3d/engine/editor/assets/",
    "db://assets/": "file:///Users/weimao/XiaYu/VScodeProject/CocosCreate/Spine/assets/"
  }
}
debug: Our import map(foo:/bar): {
  "imports": {
    "cc": "cce:/internal/x/cc",
    "db://internal/": "file:///Applications/CocosCreator/Creator/3.6.2/CocosCreator.app/Contents/Resources/resources/3d/engine/editor/assets/",
    "db://assets/": "file:///Users/weimao/XiaYu/VScodeProject/CocosCreate/Spine/assets/"
  }
}
debug: Pulling asset-db.
debug: Fetch asset-db cost: 5.4568790048360825ms.
debug: Build iteration starts.
Number of accumulated asset changes: 13
Feature changed: false
debug: Target(editor) build started.
debug: Detected change: cce:/internal/x/cc. Last mtime: Thu Jan 01 1970 08:00:07 GMT+0800 (中国标准时间), Current mtime: Thu Jan 01 1970 08:00:07 GMT+0800 (中国标准时间)
debug: Inspect cce:/internal/x/cc
debug: Resolve cce:/internal/x/cc-fu/base from cce:/internal/x/cc as external dependency cce:/internal/x/cc-fu/base.
debug: Resolve cce:/internal/x/cc-fu/gfx-webgl from cce:/internal/x/cc as external dependency cce:/internal/x/cc-fu/gfx-webgl.
debug: Resolve cce:/internal/x/cc-fu/gfx-webgl2 from cce:/internal/x/cc as external dependency cce:/internal/x/cc-fu/gfx-webgl2.
debug: Resolve cce:/internal/x/cc-fu/3d from cce:/internal/x/cc as external dependency cce:/internal/x/cc-fu/3d.
debug: Resolve cce:/internal/x/cc-fu/animation from cce:/internal/x/cc as external dependency cce:/internal/x/cc-fu/animation.
debug: Resolve cce:/internal/x/cc-fu/skeletal-animation from cce:/internal/x/cc as external dependency cce:/internal/x/cc-fu/skeletal-animation.
debug: Resolve cce:/internal/x/cc-fu/2d from cce:/internal/x/cc as external dependency cce:/internal/x/cc-fu/2d.
debug: Resolve cce:/internal/x/cc-fu/ui from cce:/internal/x/cc as external dependency cce:/internal/x/cc-fu/ui.
debug: Resolve cce:/internal/x/cc-fu/particle from cce:/internal/x/cc as external dependency cce:/internal/x/cc-fu/particle.
debug: Resolve cce:/internal/x/cc-fu/particle-2d from cce:/internal/x/cc as external dependency cce:/internal/x/cc-fu/particle-2d.
debug: Resolve cce:/internal/x/cc-fu/physics-framework from cce:/internal/x/cc as external dependency cce:/internal/x/cc-fu/physics-framework.
debug: Resolve cce:/internal/x/cc-fu/physics-2d-framework from cce:/internal/x/cc as external dependency cce:/internal/x/cc-fu/physics-2d-framework.
debug: Resolve cce:/internal/x/cc-fu/intersection-2d from cce:/internal/x/cc as external dependency cce:/internal/x/cc-fu/intersection-2d.
debug: Resolve cce:/internal/x/cc-fu/primitive from cce:/internal/x/cc as external dependency cce:/internal/x/cc-fu/primitive.
debug: Resolve cce:/internal/x/cc-fu/profiler from cce:/internal/x/cc as external dependency cce:/internal/x/cc-fu/profiler.
debug: Resolve cce:/internal/x/cc-fu/geometry-renderer from cce:/internal/x/cc as external dependency cce:/internal/x/cc-fu/geometry-renderer.
debug: Resolve cce:/internal/x/cc-fu/audio from cce:/internal/x/cc as external dependency cce:/internal/x/cc-fu/audio.
debug: Resolve cce:/internal/x/cc-fu/video from cce:/internal/x/cc as external dependency cce:/internal/x/cc-fu/video.
debug: Resolve cce:/internal/x/cc-fu/xr from cce:/internal/x/cc as external dependency cce:/internal/x/cc-fu/xr.
debug: Resolve cce:/internal/x/cc-fu/terrain from cce:/internal/x/cc as external dependency cce:/internal/x/cc-fu/terrain.
debug: Resolve cce:/internal/x/cc-fu/webview from cce:/internal/x/cc as external dependency cce:/internal/x/cc-fu/webview.
debug: Resolve cce:/internal/x/cc-fu/tween from cce:/internal/x/cc as external dependency cce:/internal/x/cc-fu/tween.
debug: Resolve cce:/internal/x/cc-fu/tiled-map from cce:/internal/x/cc as external dependency cce:/internal/x/cc-fu/tiled-map.
debug: Resolve cce:/internal/x/cc-fu/spine from cce:/internal/x/cc as external dependency cce:/internal/x/cc-fu/spine.
debug: Resolve cce:/internal/x/cc-fu/dragon-bones from cce:/internal/x/cc as external dependency cce:/internal/x/cc-fu/dragon-bones.
debug: Resolve cce:/internal/x/cc-fu/custom-pipeline from cce:/internal/x/cc as external dependency cce:/internal/x/cc-fu/custom-pipeline.
debug: Detected change: cce:/internal/x/prerequisite-imports. Last mtime: Thu Jan 01 1970 08:15:19 GMT+0800 (中国标准时间), Current mtime: Thu Jan 01 1970 08:00:07 GMT+0800 (中国标准时间)
debug: Inspect cce:/internal/x/prerequisite-imports
debug: Resolve file:///Users/weimao/XiaYu/VScodeProject/CocosCreate/Spine/assets/src/Data/SkeletManager.ts from cce:/internal/x/prerequisite-imports as file:///Users/weimao/XiaYu/VScodeProject/CocosCreate/Spine/assets/src/Data/SkeletManager.ts.
debug: Resolve cce:/internal/code-quality/cr.mjs from file:///Users/weimao/XiaYu/VScodeProject/CocosCreate/Spine/assets/src/Data/SkeletManager.ts as cce:/internal/code-quality/cr.mjs.
debug: Detected change: cce:/internal/code-quality/cr.mjs. Last mtime: Sat Mar 04 2023 11:46:06 GMT+0800 (中国标准时间), Current mtime: Sat Mar 04 2023 13:03:52 GMT+0800 (中国标准时间)
debug: Inspect cce:/internal/code-quality/cr.mjs
debug: Resolve cc from file:///Users/weimao/XiaYu/VScodeProject/CocosCreate/Spine/assets/src/Data/SkeletManager.ts as cce:/internal/x/cc.
debug: Resolve file:///Users/weimao/XiaYu/VScodeProject/CocosCreate/Spine/assets/src/Data/SpineData.ts from cce:/internal/x/prerequisite-imports as file:///Users/weimao/XiaYu/VScodeProject/CocosCreate/Spine/assets/src/Data/SpineData.ts.
debug: Resolve cc from file:///Users/weimao/XiaYu/VScodeProject/CocosCreate/Spine/assets/src/Data/SpineData.ts as cce:/internal/x/cc.
debug: Resolve cc from file:///Users/weimao/XiaYu/VScodeProject/CocosCreate/Spine/assets/src/Data/SpineData.ts as cce:/internal/x/cc.
debug: Resolve file:///Users/weimao/XiaYu/VScodeProject/CocosCreate/Spine/assets/src/Define.ts from cce:/internal/x/prerequisite-imports as file:///Users/weimao/XiaYu/VScodeProject/CocosCreate/Spine/assets/src/Define.ts.
debug: Resolve cc from file:///Users/weimao/XiaYu/VScodeProject/CocosCreate/Spine/assets/src/Define.ts as cce:/internal/x/cc.
debug: Resolve file:///Users/weimao/XiaYu/VScodeProject/CocosCreate/Spine/assets/src/Drag.ts from cce:/internal/x/prerequisite-imports as file:///Users/weimao/XiaYu/VScodeProject/CocosCreate/Spine/assets/src/Drag.ts.
debug: Resolve cc from file:///Users/weimao/XiaYu/VScodeProject/CocosCreate/Spine/assets/src/Drag.ts as cce:/internal/x/cc.
debug: Resolve cc from file:///Users/weimao/XiaYu/VScodeProject/CocosCreate/Spine/assets/src/Drag.ts as cce:/internal/x/cc.
debug: Resolve cc from file:///Users/weimao/XiaYu/VScodeProject/CocosCreate/Spine/assets/src/Drag.ts as cce:/internal/x/cc.
debug: Resolve file:///Users/weimao/XiaYu/VScodeProject/CocosCreate/Spine/assets/src/EventManager.ts from cce:/internal/x/prerequisite-imports as file:///Users/weimao/XiaYu/VScodeProject/CocosCreate/Spine/assets/src/EventManager.ts.
debug: Resolve cce:/internal/code-quality/cr.mjs from file:///Users/weimao/XiaYu/VScodeProject/CocosCreate/Spine/assets/src/EventManager.ts as cce:/internal/code-quality/cr.mjs.
debug: Resolve cc from file:///Users/weimao/XiaYu/VScodeProject/CocosCreate/Spine/assets/src/EventManager.ts as cce:/internal/x/cc.
debug: Resolve cc from file:///Users/weimao/XiaYu/VScodeProject/CocosCreate/Spine/assets/src/EventManager.ts as cce:/internal/x/cc.
debug: Resolve ./SingletonMgr from file:///Users/weimao/XiaYu/VScodeProject/CocosCreate/Spine/assets/src/EventManager.ts as file:///Users/weimao/XiaYu/VScodeProject/CocosCreate/Spine/assets/src/SingletonMgr.ts.
debug: Resolve cc from file:///Users/weimao/XiaYu/VScodeProject/CocosCreate/Spine/assets/src/SingletonMgr.ts as cce:/internal/x/cc.
debug: Resolve cc from file:///Users/weimao/XiaYu/VScodeProject/CocosCreate/Spine/assets/src/EventManager.ts as cce:/internal/x/cc.
debug: Resolve file:///Users/weimao/XiaYu/VScodeProject/CocosCreate/Spine/assets/src/Machine.ts from cce:/internal/x/prerequisite-imports as file:///Users/weimao/XiaYu/VScodeProject/CocosCreate/Spine/assets/src/Machine.ts.
debug: Resolve cce:/internal/code-quality/cr.mjs from file:///Users/weimao/XiaYu/VScodeProject/CocosCreate/Spine/assets/src/Machine.ts as cce:/internal/code-quality/cr.mjs.
debug: Resolve cc from file:///Users/weimao/XiaYu/VScodeProject/CocosCreate/Spine/assets/src/Machine.ts as cce:/internal/x/cc.
debug: Resolve cc from file:///Users/weimao/XiaYu/VScodeProject/CocosCreate/Spine/assets/src/Machine.ts as cce:/internal/x/cc.
debug: Resolve cc from file:///Users/weimao/XiaYu/VScodeProject/CocosCreate/Spine/assets/src/Machine.ts as cce:/internal/x/cc.
debug: Resolve ./EventManager from file:///Users/weimao/XiaYu/VScodeProject/CocosCreate/Spine/assets/src/Machine.ts as file:///Users/weimao/XiaYu/VScodeProject/CocosCreate/Spine/assets/src/EventManager.ts.
debug: Resolve ./Define from file:///Users/weimao/XiaYu/VScodeProject/CocosCreate/Spine/assets/src/Machine.ts as file:///Users/weimao/XiaYu/VScodeProject/CocosCreate/Spine/assets/src/Define.ts.
debug: Resolve ./Data/SkeletManager from file:///Users/weimao/XiaYu/VScodeProject/CocosCreate/Spine/assets/src/Machine.ts as file:///Users/weimao/XiaYu/VScodeProject/CocosCreate/Spine/assets/src/Data/SkeletManager.ts.
debug: Resolve file:///Users/weimao/XiaYu/VScodeProject/CocosCreate/Spine/assets/src/Menu/FileOper.ts from cce:/internal/x/prerequisite-imports as file:///Users/weimao/XiaYu/VScodeProject/CocosCreate/Spine/assets/src/Menu/FileOper.ts.
debug: Resolve cce:/internal/code-quality/cr.mjs from file:///Users/weimao/XiaYu/VScodeProject/CocosCreate/Spine/assets/src/Menu/FileOper.ts as cce:/internal/code-quality/cr.mjs.
debug: Resolve cc from file:///Users/weimao/XiaYu/VScodeProject/CocosCreate/Spine/assets/src/Menu/FileOper.ts as cce:/internal/x/cc.
debug: Resolve cc from file:///Users/weimao/XiaYu/VScodeProject/CocosCreate/Spine/assets/src/Menu/FileOper.ts as cce:/internal/x/cc.
debug: Resolve ../EventManager from file:///Users/weimao/XiaYu/VScodeProject/CocosCreate/Spine/assets/src/Menu/FileOper.ts as file:///Users/weimao/XiaYu/VScodeProject/CocosCreate/Spine/assets/src/EventManager.ts.
debug: Resolve ../Tool/Html5 from file:///Users/weimao/XiaYu/VScodeProject/CocosCreate/Spine/assets/src/Menu/FileOper.ts as file:///Users/weimao/XiaYu/VScodeProject/CocosCreate/Spine/assets/src/Tool/Html5.ts.
debug: Resolve cce:/internal/code-quality/cr.mjs from file:///Users/weimao/XiaYu/VScodeProject/CocosCreate/Spine/assets/src/Tool/Html5.ts as cce:/internal/code-quality/cr.mjs.
debug: Resolve cc from file:///Users/weimao/XiaYu/VScodeProject/CocosCreate/Spine/assets/src/Tool/Html5.ts as cce:/internal/x/cc.
debug: Resolve cc from file:///Users/weimao/XiaYu/VScodeProject/CocosCreate/Spine/assets/src/Tool/Html5.ts as cce:/internal/x/cc.
debug: Resolve cc from file:///Users/weimao/XiaYu/VScodeProject/CocosCreate/Spine/assets/src/Tool/Html5.ts as cce:/internal/x/cc.
debug: Resolve ./FileTools from file:///Users/weimao/XiaYu/VScodeProject/CocosCreate/Spine/assets/src/Tool/Html5.ts as file:///Users/weimao/XiaYu/VScodeProject/CocosCreate/Spine/assets/src/Tool/FileTools.ts.
debug: Resolve cc from file:///Users/weimao/XiaYu/VScodeProject/CocosCreate/Spine/assets/src/Tool/FileTools.ts as cce:/internal/x/cc.
debug: Resolve ../Data/SpineData from file:///Users/weimao/XiaYu/VScodeProject/CocosCreate/Spine/assets/src/Menu/FileOper.ts as file:///Users/weimao/XiaYu/VScodeProject/CocosCreate/Spine/assets/src/Data/SpineData.ts.
debug: Resolve ../Data/SkeletManager from file:///Users/weimao/XiaYu/VScodeProject/CocosCreate/Spine/assets/src/Menu/FileOper.ts as file:///Users/weimao/XiaYu/VScodeProject/CocosCreate/Spine/assets/src/Data/SkeletManager.ts.
debug: Resolve ../Define from file:///Users/weimao/XiaYu/VScodeProject/CocosCreate/Spine/assets/src/Menu/FileOper.ts as file:///Users/weimao/XiaYu/VScodeProject/CocosCreate/Spine/assets/src/Define.ts.
debug: Resolve cc from file:///Users/weimao/XiaYu/VScodeProject/CocosCreate/Spine/assets/src/Menu/FileOper.ts as cce:/internal/x/cc.
debug: Resolve file:///Users/weimao/XiaYu/VScodeProject/CocosCreate/Spine/assets/src/Menu/ItemOption.ts from cce:/internal/x/prerequisite-imports as file:///Users/weimao/XiaYu/VScodeProject/CocosCreate/Spine/assets/src/Menu/ItemOption.ts.
debug: Resolve cc from file:///Users/weimao/XiaYu/VScodeProject/CocosCreate/Spine/assets/src/Menu/ItemOption.ts as cce:/internal/x/cc.
debug: Resolve cc from file:///Users/weimao/XiaYu/VScodeProject/CocosCreate/Spine/assets/src/Menu/ItemOption.ts as cce:/internal/x/cc.
debug: Resolve cc from file:///Users/weimao/XiaYu/VScodeProject/CocosCreate/Spine/assets/src/Menu/ItemOption.ts as cce:/internal/x/cc.
debug: Resolve file:///Users/weimao/XiaYu/VScodeProject/CocosCreate/Spine/assets/src/Menu/Menu.ts from cce:/internal/x/prerequisite-imports as file:///Users/weimao/XiaYu/VScodeProject/CocosCreate/Spine/assets/src/Menu/Menu.ts.
debug: Resolve cce:/internal/code-quality/cr.mjs from file:///Users/weimao/XiaYu/VScodeProject/CocosCreate/Spine/assets/src/Menu/Menu.ts as cce:/internal/code-quality/cr.mjs.
debug: Resolve cc from file:///Users/weimao/XiaYu/VScodeProject/CocosCreate/Spine/assets/src/Menu/Menu.ts as cce:/internal/x/cc.
debug: Resolve cc from file:///Users/weimao/XiaYu/VScodeProject/CocosCreate/Spine/assets/src/Menu/Menu.ts as cce:/internal/x/cc.
debug: Resolve cc from file:///Users/weimao/XiaYu/VScodeProject/CocosCreate/Spine/assets/src/Menu/Menu.ts as cce:/internal/x/cc.
debug: Resolve ../Data/SkeletManager from file:///Users/weimao/XiaYu/VScodeProject/CocosCreate/Spine/assets/src/Menu/Menu.ts as file:///Users/weimao/XiaYu/VScodeProject/CocosCreate/Spine/assets/src/Data/SkeletManager.ts.
debug: Resolve ./OptionScrollview from file:///Users/weimao/XiaYu/VScodeProject/CocosCreate/Spine/assets/src/Menu/Menu.ts as file:///Users/weimao/XiaYu/VScodeProject/CocosCreate/Spine/assets/src/Menu/OptionScrollview.ts.
debug: Resolve cce:/internal/code-quality/cr.mjs from file:///Users/weimao/XiaYu/VScodeProject/CocosCreate/Spine/assets/src/Menu/OptionScrollview.ts as cce:/internal/code-quality/cr.mjs.
debug: Resolve cc from file:///Users/weimao/XiaYu/VScodeProject/CocosCreate/Spine/assets/src/Menu/OptionScrollview.ts as cce:/internal/x/cc.
debug: Resolve cc from file:///Users/weimao/XiaYu/VScodeProject/CocosCreate/Spine/assets/src/Menu/OptionScrollview.ts as cce:/internal/x/cc.
debug: Resolve cc from file:///Users/weimao/XiaYu/VScodeProject/CocosCreate/Spine/assets/src/Menu/OptionScrollview.ts as cce:/internal/x/cc.
debug: Resolve ./ItemOption from file:///Users/weimao/XiaYu/VScodeProject/CocosCreate/Spine/assets/src/Menu/OptionScrollview.ts as file:///Users/weimao/XiaYu/VScodeProject/CocosCreate/Spine/assets/src/Menu/ItemOption.ts.
debug: Resolve ../Define from file:///Users/weimao/XiaYu/VScodeProject/CocosCreate/Spine/assets/src/Menu/OptionScrollview.ts as file:///Users/weimao/XiaYu/VScodeProject/CocosCreate/Spine/assets/src/Define.ts.
debug: Resolve ../EventManager from file:///Users/weimao/XiaYu/VScodeProject/CocosCreate/Spine/assets/src/Menu/OptionScrollview.ts as file:///Users/weimao/XiaYu/VScodeProject/CocosCreate/Spine/assets/src/EventManager.ts.
debug: Resolve ../Define from file:///Users/weimao/XiaYu/VScodeProject/CocosCreate/Spine/assets/src/Menu/Menu.ts as file:///Users/weimao/XiaYu/VScodeProject/CocosCreate/Spine/assets/src/Define.ts.
debug: Resolve ../EventManager from file:///Users/weimao/XiaYu/VScodeProject/CocosCreate/Spine/assets/src/Menu/Menu.ts as file:///Users/weimao/XiaYu/VScodeProject/CocosCreate/Spine/assets/src/EventManager.ts.
debug: Resolve file:///Users/weimao/XiaYu/VScodeProject/CocosCreate/Spine/assets/src/Menu/OptionScrollview.ts from cce:/internal/x/prerequisite-imports as file:///Users/weimao/XiaYu/VScodeProject/CocosCreate/Spine/assets/src/Menu/OptionScrollview.ts.
debug: Resolve file:///Users/weimao/XiaYu/VScodeProject/CocosCreate/Spine/assets/src/SingletonMgr.ts from cce:/internal/x/prerequisite-imports as file:///Users/weimao/XiaYu/VScodeProject/CocosCreate/Spine/assets/src/SingletonMgr.ts.
debug: Resolve file:///Users/weimao/XiaYu/VScodeProject/CocosCreate/Spine/assets/src/Tool/FileTools.ts from cce:/internal/x/prerequisite-imports as file:///Users/weimao/XiaYu/VScodeProject/CocosCreate/Spine/assets/src/Tool/FileTools.ts.
debug: Resolve file:///Users/weimao/XiaYu/VScodeProject/CocosCreate/Spine/assets/src/Tool/Html5.ts from cce:/internal/x/prerequisite-imports as file:///Users/weimao/XiaYu/VScodeProject/CocosCreate/Spine/assets/src/Tool/Html5.ts.
debug: Target(editor) ends with cost 156.41783699393272ms.
debug: Target(preview) build started.
debug: Detected change: cce:/internal/x/cc. Last mtime: Thu Jan 01 1970 08:00:07 GMT+0800 (中国标准时间), Current mtime: Thu Jan 01 1970 08:00:07 GMT+0800 (中国标准时间)
debug: Inspect cce:/internal/x/cc
debug: Resolve cce:/internal/x/cc-fu/2d from cce:/internal/x/cc as external dependency cce:/internal/x/cc-fu/2d.
debug: Resolve cce:/internal/x/cc-fu/animation from cce:/internal/x/cc as external dependency cce:/internal/x/cc-fu/animation.
debug: Resolve cce:/internal/x/cc-fu/audio from cce:/internal/x/cc as external dependency cce:/internal/x/cc-fu/audio.
debug: Resolve cce:/internal/x/cc-fu/base from cce:/internal/x/cc as external dependency cce:/internal/x/cc-fu/base.
debug: Resolve cce:/internal/x/cc-fu/dragon-bones from cce:/internal/x/cc as external dependency cce:/internal/x/cc-fu/dragon-bones.
debug: Resolve cce:/internal/x/cc-fu/gfx-webgl from cce:/internal/x/cc as external dependency cce:/internal/x/cc-fu/gfx-webgl.
debug: Resolve cce:/internal/x/cc-fu/gfx-webgl2 from cce:/internal/x/cc as external dependency cce:/internal/x/cc-fu/gfx-webgl2.
debug: Resolve cce:/internal/x/cc-fu/intersection-2d from cce:/internal/x/cc as external dependency cce:/internal/x/cc-fu/intersection-2d.
debug: Resolve cce:/internal/x/cc-fu/particle-2d from cce:/internal/x/cc as external dependency cce:/internal/x/cc-fu/particle-2d.
debug: Resolve cce:/internal/x/cc-fu/physics-2d-box2d from cce:/internal/x/cc as external dependency cce:/internal/x/cc-fu/physics-2d-box2d.
debug: Resolve cce:/internal/x/cc-fu/physics-2d-framework from cce:/internal/x/cc as external dependency cce:/internal/x/cc-fu/physics-2d-framework.
debug: Resolve cce:/internal/x/cc-fu/profiler from cce:/internal/x/cc as external dependency cce:/internal/x/cc-fu/profiler.
debug: Resolve cce:/internal/x/cc-fu/spine from cce:/internal/x/cc as external dependency cce:/internal/x/cc-fu/spine.
debug: Resolve cce:/internal/x/cc-fu/tiled-map from cce:/internal/x/cc as external dependency cce:/internal/x/cc-fu/tiled-map.
debug: Resolve cce:/internal/x/cc-fu/tween from cce:/internal/x/cc as external dependency cce:/internal/x/cc-fu/tween.
debug: Resolve cce:/internal/x/cc-fu/ui from cce:/internal/x/cc as external dependency cce:/internal/x/cc-fu/ui.
debug: Resolve cce:/internal/x/cc-fu/video from cce:/internal/x/cc as external dependency cce:/internal/x/cc-fu/video.
debug: Resolve cce:/internal/x/cc-fu/webview from cce:/internal/x/cc as external dependency cce:/internal/x/cc-fu/webview.
debug: Detected change: cce:/internal/x/prerequisite-imports. Last mtime: Thu Jan 01 1970 08:15:19 GMT+0800 (中国标准时间), Current mtime: Thu Jan 01 1970 08:00:07 GMT+0800 (中国标准时间)
debug: Inspect cce:/internal/x/prerequisite-imports
debug: Resolve file:///Users/weimao/XiaYu/VScodeProject/CocosCreate/Spine/assets/src/Data/SkeletManager.ts from cce:/internal/x/prerequisite-imports as file:///Users/weimao/XiaYu/VScodeProject/CocosCreate/Spine/assets/src/Data/SkeletManager.ts.
debug: Resolve cce:/internal/code-quality/cr.mjs from file:///Users/weimao/XiaYu/VScodeProject/CocosCreate/Spine/assets/src/Data/SkeletManager.ts as cce:/internal/code-quality/cr.mjs.
debug: Detected change: cce:/internal/code-quality/cr.mjs. Last mtime: Sat Mar 04 2023 11:46:06 GMT+0800 (中国标准时间), Current mtime: Sat Mar 04 2023 13:03:52 GMT+0800 (中国标准时间)
debug: Inspect cce:/internal/code-quality/cr.mjs
debug: Resolve cc from file:///Users/weimao/XiaYu/VScodeProject/CocosCreate/Spine/assets/src/Data/SkeletManager.ts as cce:/internal/x/cc.
debug: Resolve file:///Users/weimao/XiaYu/VScodeProject/CocosCreate/Spine/assets/src/Data/SpineData.ts from cce:/internal/x/prerequisite-imports as file:///Users/weimao/XiaYu/VScodeProject/CocosCreate/Spine/assets/src/Data/SpineData.ts.
debug: Resolve cc from file:///Users/weimao/XiaYu/VScodeProject/CocosCreate/Spine/assets/src/Data/SpineData.ts as cce:/internal/x/cc.
debug: Resolve cc from file:///Users/weimao/XiaYu/VScodeProject/CocosCreate/Spine/assets/src/Data/SpineData.ts as cce:/internal/x/cc.
debug: Resolve file:///Users/weimao/XiaYu/VScodeProject/CocosCreate/Spine/assets/src/Define.ts from cce:/internal/x/prerequisite-imports as file:///Users/weimao/XiaYu/VScodeProject/CocosCreate/Spine/assets/src/Define.ts.
debug: Resolve cc from file:///Users/weimao/XiaYu/VScodeProject/CocosCreate/Spine/assets/src/Define.ts as cce:/internal/x/cc.
debug: Resolve file:///Users/weimao/XiaYu/VScodeProject/CocosCreate/Spine/assets/src/Drag.ts from cce:/internal/x/prerequisite-imports as file:///Users/weimao/XiaYu/VScodeProject/CocosCreate/Spine/assets/src/Drag.ts.
debug: Resolve cc from file:///Users/weimao/XiaYu/VScodeProject/CocosCreate/Spine/assets/src/Drag.ts as cce:/internal/x/cc.
debug: Resolve cc from file:///Users/weimao/XiaYu/VScodeProject/CocosCreate/Spine/assets/src/Drag.ts as cce:/internal/x/cc.
debug: Resolve cc from file:///Users/weimao/XiaYu/VScodeProject/CocosCreate/Spine/assets/src/Drag.ts as cce:/internal/x/cc.
debug: Resolve file:///Users/weimao/XiaYu/VScodeProject/CocosCreate/Spine/assets/src/EventManager.ts from cce:/internal/x/prerequisite-imports as file:///Users/weimao/XiaYu/VScodeProject/CocosCreate/Spine/assets/src/EventManager.ts.
debug: Resolve cce:/internal/code-quality/cr.mjs from file:///Users/weimao/XiaYu/VScodeProject/CocosCreate/Spine/assets/src/EventManager.ts as cce:/internal/code-quality/cr.mjs.
debug: Resolve cc from file:///Users/weimao/XiaYu/VScodeProject/CocosCreate/Spine/assets/src/EventManager.ts as cce:/internal/x/cc.
debug: Resolve cc from file:///Users/weimao/XiaYu/VScodeProject/CocosCreate/Spine/assets/src/EventManager.ts as cce:/internal/x/cc.
debug: Resolve ./SingletonMgr from file:///Users/weimao/XiaYu/VScodeProject/CocosCreate/Spine/assets/src/EventManager.ts as file:///Users/weimao/XiaYu/VScodeProject/CocosCreate/Spine/assets/src/SingletonMgr.ts.
debug: Resolve cc from file:///Users/weimao/XiaYu/VScodeProject/CocosCreate/Spine/assets/src/SingletonMgr.ts as cce:/internal/x/cc.
debug: Resolve cc from file:///Users/weimao/XiaYu/VScodeProject/CocosCreate/Spine/assets/src/EventManager.ts as cce:/internal/x/cc.
debug: Resolve file:///Users/weimao/XiaYu/VScodeProject/CocosCreate/Spine/assets/src/Machine.ts from cce:/internal/x/prerequisite-imports as file:///Users/weimao/XiaYu/VScodeProject/CocosCreate/Spine/assets/src/Machine.ts.
debug: Resolve cce:/internal/code-quality/cr.mjs from file:///Users/weimao/XiaYu/VScodeProject/CocosCreate/Spine/assets/src/Machine.ts as cce:/internal/code-quality/cr.mjs.
debug: Resolve cc from file:///Users/weimao/XiaYu/VScodeProject/CocosCreate/Spine/assets/src/Machine.ts as cce:/internal/x/cc.
debug: Resolve cc from file:///Users/weimao/XiaYu/VScodeProject/CocosCreate/Spine/assets/src/Machine.ts as cce:/internal/x/cc.
debug: Resolve cc from file:///Users/weimao/XiaYu/VScodeProject/CocosCreate/Spine/assets/src/Machine.ts as cce:/internal/x/cc.
debug: Resolve ./EventManager from file:///Users/weimao/XiaYu/VScodeProject/CocosCreate/Spine/assets/src/Machine.ts as file:///Users/weimao/XiaYu/VScodeProject/CocosCreate/Spine/assets/src/EventManager.ts.
debug: Resolve ./Define from file:///Users/weimao/XiaYu/VScodeProject/CocosCreate/Spine/assets/src/Machine.ts as file:///Users/weimao/XiaYu/VScodeProject/CocosCreate/Spine/assets/src/Define.ts.
debug: Resolve ./Data/SkeletManager from file:///Users/weimao/XiaYu/VScodeProject/CocosCreate/Spine/assets/src/Machine.ts as file:///Users/weimao/XiaYu/VScodeProject/CocosCreate/Spine/assets/src/Data/SkeletManager.ts.
debug: Resolve file:///Users/weimao/XiaYu/VScodeProject/CocosCreate/Spine/assets/src/Menu/FileOper.ts from cce:/internal/x/prerequisite-imports as file:///Users/weimao/XiaYu/VScodeProject/CocosCreate/Spine/assets/src/Menu/FileOper.ts.
debug: Resolve cce:/internal/code-quality/cr.mjs from file:///Users/weimao/XiaYu/VScodeProject/CocosCreate/Spine/assets/src/Menu/FileOper.ts as cce:/internal/code-quality/cr.mjs.
debug: Resolve cc from file:///Users/weimao/XiaYu/VScodeProject/CocosCreate/Spine/assets/src/Menu/FileOper.ts as cce:/internal/x/cc.
debug: Resolve cc from file:///Users/weimao/XiaYu/VScodeProject/CocosCreate/Spine/assets/src/Menu/FileOper.ts as cce:/internal/x/cc.
debug: Resolve ../EventManager from file:///Users/weimao/XiaYu/VScodeProject/CocosCreate/Spine/assets/src/Menu/FileOper.ts as file:///Users/weimao/XiaYu/VScodeProject/CocosCreate/Spine/assets/src/EventManager.ts.
debug: Resolve ../Tool/Html5 from file:///Users/weimao/XiaYu/VScodeProject/CocosCreate/Spine/assets/src/Menu/FileOper.ts as file:///Users/weimao/XiaYu/VScodeProject/CocosCreate/Spine/assets/src/Tool/Html5.ts.
debug: Resolve cce:/internal/code-quality/cr.mjs from file:///Users/weimao/XiaYu/VScodeProject/CocosCreate/Spine/assets/src/Tool/Html5.ts as cce:/internal/code-quality/cr.mjs.
debug: Resolve cc from file:///Users/weimao/XiaYu/VScodeProject/CocosCreate/Spine/assets/src/Tool/Html5.ts as cce:/internal/x/cc.
debug: Resolve cc from file:///Users/weimao/XiaYu/VScodeProject/CocosCreate/Spine/assets/src/Tool/Html5.ts as cce:/internal/x/cc.
debug: Resolve cc from file:///Users/weimao/XiaYu/VScodeProject/CocosCreate/Spine/assets/src/Tool/Html5.ts as cce:/internal/x/cc.
debug: Resolve ./FileTools from file:///Users/weimao/XiaYu/VScodeProject/CocosCreate/Spine/assets/src/Tool/Html5.ts as file:///Users/weimao/XiaYu/VScodeProject/CocosCreate/Spine/assets/src/Tool/FileTools.ts.
debug: Resolve cc from file:///Users/weimao/XiaYu/VScodeProject/CocosCreate/Spine/assets/src/Tool/FileTools.ts as cce:/internal/x/cc.
debug: Resolve ../Data/SpineData from file:///Users/weimao/XiaYu/VScodeProject/CocosCreate/Spine/assets/src/Menu/FileOper.ts as file:///Users/weimao/XiaYu/VScodeProject/CocosCreate/Spine/assets/src/Data/SpineData.ts.
debug: Resolve ../Data/SkeletManager from file:///Users/weimao/XiaYu/VScodeProject/CocosCreate/Spine/assets/src/Menu/FileOper.ts as file:///Users/weimao/XiaYu/VScodeProject/CocosCreate/Spine/assets/src/Data/SkeletManager.ts.
debug: Resolve ../Define from file:///Users/weimao/XiaYu/VScodeProject/CocosCreate/Spine/assets/src/Menu/FileOper.ts as file:///Users/weimao/XiaYu/VScodeProject/CocosCreate/Spine/assets/src/Define.ts.
debug: Resolve cc from file:///Users/weimao/XiaYu/VScodeProject/CocosCreate/Spine/assets/src/Menu/FileOper.ts as cce:/internal/x/cc.
debug: Resolve file:///Users/weimao/XiaYu/VScodeProject/CocosCreate/Spine/assets/src/Menu/ItemOption.ts from cce:/internal/x/prerequisite-imports as file:///Users/weimao/XiaYu/VScodeProject/CocosCreate/Spine/assets/src/Menu/ItemOption.ts.
debug: Resolve cc from file:///Users/weimao/XiaYu/VScodeProject/CocosCreate/Spine/assets/src/Menu/ItemOption.ts as cce:/internal/x/cc.
debug: Resolve cc from file:///Users/weimao/XiaYu/VScodeProject/CocosCreate/Spine/assets/src/Menu/ItemOption.ts as cce:/internal/x/cc.
debug: Resolve cc from file:///Users/weimao/XiaYu/VScodeProject/CocosCreate/Spine/assets/src/Menu/ItemOption.ts as cce:/internal/x/cc.
debug: Resolve file:///Users/weimao/XiaYu/VScodeProject/CocosCreate/Spine/assets/src/Menu/Menu.ts from cce:/internal/x/prerequisite-imports as file:///Users/weimao/XiaYu/VScodeProject/CocosCreate/Spine/assets/src/Menu/Menu.ts.
debug: Resolve cce:/internal/code-quality/cr.mjs from file:///Users/weimao/XiaYu/VScodeProject/CocosCreate/Spine/assets/src/Menu/Menu.ts as cce:/internal/code-quality/cr.mjs.
debug: Resolve cc from file:///Users/weimao/XiaYu/VScodeProject/CocosCreate/Spine/assets/src/Menu/Menu.ts as cce:/internal/x/cc.
debug: Resolve cc from file:///Users/weimao/XiaYu/VScodeProject/CocosCreate/Spine/assets/src/Menu/Menu.ts as cce:/internal/x/cc.
debug: Resolve cc from file:///Users/weimao/XiaYu/VScodeProject/CocosCreate/Spine/assets/src/Menu/Menu.ts as cce:/internal/x/cc.
debug: Resolve ../Data/SkeletManager from file:///Users/weimao/XiaYu/VScodeProject/CocosCreate/Spine/assets/src/Menu/Menu.ts as file:///Users/weimao/XiaYu/VScodeProject/CocosCreate/Spine/assets/src/Data/SkeletManager.ts.
debug: Resolve ./OptionScrollview from file:///Users/weimao/XiaYu/VScodeProject/CocosCreate/Spine/assets/src/Menu/Menu.ts as file:///Users/weimao/XiaYu/VScodeProject/CocosCreate/Spine/assets/src/Menu/OptionScrollview.ts.
debug: Resolve cce:/internal/code-quality/cr.mjs from file:///Users/weimao/XiaYu/VScodeProject/CocosCreate/Spine/assets/src/Menu/OptionScrollview.ts as cce:/internal/code-quality/cr.mjs.
debug: Resolve cc from file:///Users/weimao/XiaYu/VScodeProject/CocosCreate/Spine/assets/src/Menu/OptionScrollview.ts as cce:/internal/x/cc.
debug: Resolve cc from file:///Users/weimao/XiaYu/VScodeProject/CocosCreate/Spine/assets/src/Menu/OptionScrollview.ts as cce:/internal/x/cc.
debug: Resolve cc from file:///Users/weimao/XiaYu/VScodeProject/CocosCreate/Spine/assets/src/Menu/OptionScrollview.ts as cce:/internal/x/cc.
debug: Resolve ./ItemOption from file:///Users/weimao/XiaYu/VScodeProject/CocosCreate/Spine/assets/src/Menu/OptionScrollview.ts as file:///Users/weimao/XiaYu/VScodeProject/CocosCreate/Spine/assets/src/Menu/ItemOption.ts.
debug: Resolve ../Define from file:///Users/weimao/XiaYu/VScodeProject/CocosCreate/Spine/assets/src/Menu/OptionScrollview.ts as file:///Users/weimao/XiaYu/VScodeProject/CocosCreate/Spine/assets/src/Define.ts.
debug: Resolve ../EventManager from file:///Users/weimao/XiaYu/VScodeProject/CocosCreate/Spine/assets/src/Menu/OptionScrollview.ts as file:///Users/weimao/XiaYu/VScodeProject/CocosCreate/Spine/assets/src/EventManager.ts.
debug: Resolve ../Define from file:///Users/weimao/XiaYu/VScodeProject/CocosCreate/Spine/assets/src/Menu/Menu.ts as file:///Users/weimao/XiaYu/VScodeProject/CocosCreate/Spine/assets/src/Define.ts.
debug: Resolve ../EventManager from file:///Users/weimao/XiaYu/VScodeProject/CocosCreate/Spine/assets/src/Menu/Menu.ts as file:///Users/weimao/XiaYu/VScodeProject/CocosCreate/Spine/assets/src/EventManager.ts.
debug: Resolve file:///Users/weimao/XiaYu/VScodeProject/CocosCreate/Spine/assets/src/Menu/OptionScrollview.ts from cce:/internal/x/prerequisite-imports as file:///Users/weimao/XiaYu/VScodeProject/CocosCreate/Spine/assets/src/Menu/OptionScrollview.ts.
debug: Resolve file:///Users/weimao/XiaYu/VScodeProject/CocosCreate/Spine/assets/src/SingletonMgr.ts from cce:/internal/x/prerequisite-imports as file:///Users/weimao/XiaYu/VScodeProject/CocosCreate/Spine/assets/src/SingletonMgr.ts.
debug: Resolve file:///Users/weimao/XiaYu/VScodeProject/CocosCreate/Spine/assets/src/Tool/FileTools.ts from cce:/internal/x/prerequisite-imports as file:///Users/weimao/XiaYu/VScodeProject/CocosCreate/Spine/assets/src/Tool/FileTools.ts.
debug: Resolve file:///Users/weimao/XiaYu/VScodeProject/CocosCreate/Spine/assets/src/Tool/Html5.ts from cce:/internal/x/prerequisite-imports as file:///Users/weimao/XiaYu/VScodeProject/CocosCreate/Spine/assets/src/Tool/Html5.ts.
debug: Target(preview) ends with cost 94.07709899544716ms.
debug: Pulling asset-db.
debug: Fetch asset-db cost: 10.321060001850128ms.
debug: Build iteration starts.
Number of accumulated asset changes: 13
Feature changed: false
debug: Target(editor) build started.
debug: Detected change: cce:/internal/x/prerequisite-imports. Last mtime: Thu Jan 01 1970 08:00:07 GMT+0800 (中国标准时间), Current mtime: Thu Jan 01 1970 08:00:07 GMT+0800 (中国标准时间)
debug: Inspect cce:/internal/x/prerequisite-imports
debug: Resolve file:///Users/weimao/XiaYu/VScodeProject/CocosCreate/Spine/assets/src/Data/SkeletManager.ts from cce:/internal/x/prerequisite-imports as file:///Users/weimao/XiaYu/VScodeProject/CocosCreate/Spine/assets/src/Data/SkeletManager.ts.
debug: Resolve file:///Users/weimao/XiaYu/VScodeProject/CocosCreate/Spine/assets/src/Data/SpineData.ts from cce:/internal/x/prerequisite-imports as file:///Users/weimao/XiaYu/VScodeProject/CocosCreate/Spine/assets/src/Data/SpineData.ts.
debug: Resolve file:///Users/weimao/XiaYu/VScodeProject/CocosCreate/Spine/assets/src/Define.ts from cce:/internal/x/prerequisite-imports as file:///Users/weimao/XiaYu/VScodeProject/CocosCreate/Spine/assets/src/Define.ts.
debug: Resolve file:///Users/weimao/XiaYu/VScodeProject/CocosCreate/Spine/assets/src/Drag.ts from cce:/internal/x/prerequisite-imports as file:///Users/weimao/XiaYu/VScodeProject/CocosCreate/Spine/assets/src/Drag.ts.
debug: Resolve file:///Users/weimao/XiaYu/VScodeProject/CocosCreate/Spine/assets/src/EventManager.ts from cce:/internal/x/prerequisite-imports as file:///Users/weimao/XiaYu/VScodeProject/CocosCreate/Spine/assets/src/EventManager.ts.
debug: Resolve file:///Users/weimao/XiaYu/VScodeProject/CocosCreate/Spine/assets/src/Machine.ts from cce:/internal/x/prerequisite-imports as file:///Users/weimao/XiaYu/VScodeProject/CocosCreate/Spine/assets/src/Machine.ts.
debug: Resolve file:///Users/weimao/XiaYu/VScodeProject/CocosCreate/Spine/assets/src/Menu/FileOper.ts from cce:/internal/x/prerequisite-imports as file:///Users/weimao/XiaYu/VScodeProject/CocosCreate/Spine/assets/src/Menu/FileOper.ts.
debug: Resolve file:///Users/weimao/XiaYu/VScodeProject/CocosCreate/Spine/assets/src/Menu/ItemOption.ts from cce:/internal/x/prerequisite-imports as file:///Users/weimao/XiaYu/VScodeProject/CocosCreate/Spine/assets/src/Menu/ItemOption.ts.
debug: Resolve file:///Users/weimao/XiaYu/VScodeProject/CocosCreate/Spine/assets/src/Menu/Menu.ts from cce:/internal/x/prerequisite-imports as file:///Users/weimao/XiaYu/VScodeProject/CocosCreate/Spine/assets/src/Menu/Menu.ts.
debug: Resolve file:///Users/weimao/XiaYu/VScodeProject/CocosCreate/Spine/assets/src/Menu/OptionScrollview.ts from cce:/internal/x/prerequisite-imports as file:///Users/weimao/XiaYu/VScodeProject/CocosCreate/Spine/assets/src/Menu/OptionScrollview.ts.
debug: Resolve file:///Users/weimao/XiaYu/VScodeProject/CocosCreate/Spine/assets/src/SingletonMgr.ts from cce:/internal/x/prerequisite-imports as file:///Users/weimao/XiaYu/VScodeProject/CocosCreate/Spine/assets/src/SingletonMgr.ts.
debug: Resolve file:///Users/weimao/XiaYu/VScodeProject/CocosCreate/Spine/assets/src/Tool/FileTools.ts from cce:/internal/x/prerequisite-imports as file:///Users/weimao/XiaYu/VScodeProject/CocosCreate/Spine/assets/src/Tool/FileTools.ts.
debug: Resolve file:///Users/weimao/XiaYu/VScodeProject/CocosCreate/Spine/assets/src/Tool/Html5.ts from cce:/internal/x/prerequisite-imports as file:///Users/weimao/XiaYu/VScodeProject/CocosCreate/Spine/assets/src/Tool/Html5.ts.
debug: Target(editor) ends with cost 36.14443400502205ms.
debug: Target(preview) build started.
debug: Detected change: cce:/internal/x/prerequisite-imports. Last mtime: Thu Jan 01 1970 08:00:07 GMT+0800 (中国标准时间), Current mtime: Thu Jan 01 1970 08:00:07 GMT+0800 (中国标准时间)
debug: Inspect cce:/internal/x/prerequisite-imports
debug: Resolve file:///Users/weimao/XiaYu/VScodeProject/CocosCreate/Spine/assets/src/Data/SkeletManager.ts from cce:/internal/x/prerequisite-imports as file:///Users/weimao/XiaYu/VScodeProject/CocosCreate/Spine/assets/src/Data/SkeletManager.ts.
debug: Resolve file:///Users/weimao/XiaYu/VScodeProject/CocosCreate/Spine/assets/src/Data/SpineData.ts from cce:/internal/x/prerequisite-imports as file:///Users/weimao/XiaYu/VScodeProject/CocosCreate/Spine/assets/src/Data/SpineData.ts.
debug: Resolve file:///Users/weimao/XiaYu/VScodeProject/CocosCreate/Spine/assets/src/Define.ts from cce:/internal/x/prerequisite-imports as file:///Users/weimao/XiaYu/VScodeProject/CocosCreate/Spine/assets/src/Define.ts.
debug: Resolve file:///Users/weimao/XiaYu/VScodeProject/CocosCreate/Spine/assets/src/Drag.ts from cce:/internal/x/prerequisite-imports as file:///Users/weimao/XiaYu/VScodeProject/CocosCreate/Spine/assets/src/Drag.ts.
debug: Resolve file:///Users/weimao/XiaYu/VScodeProject/CocosCreate/Spine/assets/src/EventManager.ts from cce:/internal/x/prerequisite-imports as file:///Users/weimao/XiaYu/VScodeProject/CocosCreate/Spine/assets/src/EventManager.ts.
debug: Resolve file:///Users/weimao/XiaYu/VScodeProject/CocosCreate/Spine/assets/src/Machine.ts from cce:/internal/x/prerequisite-imports as file:///Users/weimao/XiaYu/VScodeProject/CocosCreate/Spine/assets/src/Machine.ts.
debug: Resolve file:///Users/weimao/XiaYu/VScodeProject/CocosCreate/Spine/assets/src/Menu/FileOper.ts from cce:/internal/x/prerequisite-imports as file:///Users/weimao/XiaYu/VScodeProject/CocosCreate/Spine/assets/src/Menu/FileOper.ts.
debug: Resolve file:///Users/weimao/XiaYu/VScodeProject/CocosCreate/Spine/assets/src/Menu/ItemOption.ts from cce:/internal/x/prerequisite-imports as file:///Users/weimao/XiaYu/VScodeProject/CocosCreate/Spine/assets/src/Menu/ItemOption.ts.
debug: Resolve file:///Users/weimao/XiaYu/VScodeProject/CocosCreate/Spine/assets/src/Menu/Menu.ts from cce:/internal/x/prerequisite-imports as file:///Users/weimao/XiaYu/VScodeProject/CocosCreate/Spine/assets/src/Menu/Menu.ts.
debug: Resolve file:///Users/weimao/XiaYu/VScodeProject/CocosCreate/Spine/assets/src/Menu/OptionScrollview.ts from cce:/internal/x/prerequisite-imports as file:///Users/weimao/XiaYu/VScodeProject/CocosCreate/Spine/assets/src/Menu/OptionScrollview.ts.
debug: Resolve file:///Users/weimao/XiaYu/VScodeProject/CocosCreate/Spine/assets/src/SingletonMgr.ts from cce:/internal/x/prerequisite-imports as file:///Users/weimao/XiaYu/VScodeProject/CocosCreate/Spine/assets/src/SingletonMgr.ts.
debug: Resolve file:///Users/weimao/XiaYu/VScodeProject/CocosCreate/Spine/assets/src/Tool/FileTools.ts from cce:/internal/x/prerequisite-imports as file:///Users/weimao/XiaYu/VScodeProject/CocosCreate/Spine/assets/src/Tool/FileTools.ts.
debug: Resolve file:///Users/weimao/XiaYu/VScodeProject/CocosCreate/Spine/assets/src/Tool/Html5.ts from cce:/internal/x/prerequisite-imports as file:///Users/weimao/XiaYu/VScodeProject/CocosCreate/Spine/assets/src/Tool/Html5.ts.
debug: Target(preview) ends with cost 30.042657002806664ms.
